<?xml version="1.0" encoding="UTF-8"?>
<robot generator="Robot 7.0 (Python 3.11.8 on win32)" generated="2024-03-28T21:57:15.361506" rpa="false" schemaversion="5">
<suite id="s1" name="Feladat" source="D:\INFO\projektfeladat\feladat">
<suite id="s1-s1" name="Test" source="D:\INFO\projektfeladat\feladat\test.robot">
<kw name="Suite Setup" owner="resources.resource" type="SETUP">
<kw name="Open Browser" owner="SeleniumLibrary">
<msg time="2024-03-28T21:57:15.689530" level="INFO">Opening browser 'Chrome' to base url 'https://bwpool.azurewebsites.net/'.</msg>
<arg>${HOMEPAGE_URL}</arg>
<arg>${BROWSER}</arg>
<doc>Opens a new browser instance to the optional ``url``.</doc>
<status status="PASS" start="2024-03-28T21:57:15.688529" elapsed="3.446337"/>
</kw>
<kw name="Maximize Browser Window" owner="SeleniumLibrary">
<doc>Maximizes current browser window.</doc>
<status status="PASS" start="2024-03-28T21:57:19.134866" elapsed="0.121185"/>
</kw>
<kw name="Go To" owner="SeleniumLibrary">
<msg time="2024-03-28T21:57:19.257049" level="INFO">Opening url 'https://bwpool.azurewebsites.net/'</msg>
<arg>https://bwpool.azurewebsites.net/</arg>
<doc>Navigates the current browser window to the provided ``url``.</doc>
<status status="PASS" start="2024-03-28T21:57:19.257049" elapsed="0.395350"/>
</kw>
<kw name="GET" owner="RequestsLibrary">
<msg time="2024-03-28T21:57:20.549119" level="INFO">GET Request : url=https://random-data-api.com/api/users/random_user?size=1 
 path_url=/api/users/random_user?size=1 
 headers={'User-Agent': 'python-requests/2.31.0', 'Accept-Encoding': 'gzip, deflate', 'Accept': '*/*', 'Connection': 'keep-alive'} 
 body=None 
 </msg>
<msg time="2024-03-28T21:57:20.549119" level="INFO">GET Response : url=https://random-data-api.com/api/users/random_user?size=1 
 status=200, reason=OK 
 headers={'Alt-Svc': 'h3=":443"; ma=2592000', 'Cache-Control': 'max-age=0, private, must-revalidate', 'Content-Encoding': 'gzip', 'Content-Type': 'application/json; charset=utf-8', 'Etag': 'W/"b35a01acaa43fe721b77f6863908bb47"', 'Referrer-Policy': 'strict-origin-when-cross-origin', 'Server': 'Caddy', 'Strict-Transport-Security': 'max-age=63072000; includeSubDomains', 'Vary': 'Origin, Accept-Encoding', 'X-Content-Type-Options': 'nosniff', 'X-Frame-Options': 'SAMEORIGIN', 'X-Permitted-Cross-Domain-Policies': 'none', 'X-Request-Id': '13c99bc7-5b20-405d-9614-e6ab71c52177', 'X-Runtime': '0.008619', 'X-Xss-Protection': '0', 'Date': 'Thu, 28 Mar 2024 20:57:20 GMT', 'Content-Length': '575'} 
 body=[{"id":7098,"uid":"e105ca0d-5a03-494e-845e-b661068d3e5e","password":"sY6wlmedh8","first_name":"Beata","last_name":"Howe","username":"beata.howe","email":"beata.howe@email.com","avatar":"https://robohash.org/impeditaperiamvoluptas.png?size=300x300\u0026set=set1","gender":"Male","phone_number":"+20 380-707-0014","social_insurance_number":"685083107","date_of_birth":"1964-05-21","employment":{"title":"Regional Design Strategist","key_skill":"Self-motivated"},"address":{"city":"East Fidela","street_name":"Kraig Rue","street_address":"9565 Mitzie Track","zip_code":"96632-8129","state":"Idaho","country":"United States","coordinates":{"lat":25.139122171924583,"lng":1.6182774000953088}},"credit_card":{"cc_number":"6771-8971-2842-7369"},"subscription":{"plan":"Diamond","status":"Pending","payment_method":"Visa checkout","term":"Full subscription"}}] 
 </msg>
<msg time="2024-03-28T21:57:20.550121" level="INFO">${response} = &lt;Response [200]&gt;</msg>
<var>${response}</var>
<arg>https://random-data-api.com/api/users/random_user</arg>
<arg>params=size=1</arg>
<doc>Sends a GET request.</doc>
<status status="PASS" start="2024-03-28T21:57:19.653400" elapsed="0.896721"/>
</kw>
<kw name="Set Variable" owner="BuiltIn">
<msg time="2024-03-28T21:57:20.551120" level="INFO">${body} = [{'id': 7098, 'uid': 'e105ca0d-5a03-494e-845e-b661068d3e5e', 'password': 'sY6wlmedh8', 'first_name': 'Beata', 'last_name': 'Howe', 'username': 'beata.howe', 'email': 'beata.howe@email.com', 'avatar': ...</msg>
<var>${body}</var>
<arg>${response.json()}</arg>
<doc>Returns the given values which can then be assigned to a variables.</doc>
<status status="PASS" start="2024-03-28T21:57:20.550121" elapsed="0.001998"/>
</kw>
<kw name="Set Global Variable" owner="BuiltIn">
<msg time="2024-03-28T21:57:20.553120" level="INFO">${first_name} = Beata</msg>
<arg>${first_name}</arg>
<arg>${body}[0][first_name]</arg>
<doc>Makes a variable available globally in all tests and suites.</doc>
<status status="PASS" start="2024-03-28T21:57:20.552119" elapsed="0.001001"/>
</kw>
<kw name="Set Global Variable" owner="BuiltIn">
<msg time="2024-03-28T21:57:20.554120" level="INFO">${last_name} = Howe</msg>
<arg>${last_name}</arg>
<arg>${body}[0][last_name]</arg>
<doc>Makes a variable available globally in all tests and suites.</doc>
<status status="PASS" start="2024-03-28T21:57:20.553120" elapsed="0.001000"/>
</kw>
<kw name="Set Global Variable" owner="BuiltIn">
<msg time="2024-03-28T21:57:20.555122" level="INFO">${email} = beata.howe@email.com</msg>
<arg>${email}</arg>
<arg>${body}[0][email]</arg>
<doc>Makes a variable available globally in all tests and suites.</doc>
<status status="PASS" start="2024-03-28T21:57:20.554120" elapsed="0.001002"/>
</kw>
<kw name="Set Global Variable" owner="BuiltIn">
<msg time="2024-03-28T21:57:20.556121" level="INFO">${id} = 7098</msg>
<arg>${id}</arg>
<arg>${body}[0][id]</arg>
<doc>Makes a variable available globally in all tests and suites.</doc>
<status status="PASS" start="2024-03-28T21:57:20.556121" elapsed="0.000999"/>
</kw>
<kw name="Set Global Variable" owner="BuiltIn">
<msg time="2024-03-28T21:57:20.558121" level="INFO">${city} = East Fidela</msg>
<arg>${city}</arg>
<arg>${body}[0][address][city]</arg>
<doc>Makes a variable available globally in all tests and suites.</doc>
<status status="PASS" start="2024-03-28T21:57:20.557120" elapsed="0.001001"/>
</kw>
<kw name="Set Global Variable" owner="BuiltIn">
<msg time="2024-03-28T21:57:20.559121" level="INFO">${street_name} = Kraig Rue</msg>
<arg>${street_name}</arg>
<arg>${body}[0][address][street_name]</arg>
<doc>Makes a variable available globally in all tests and suites.</doc>
<status status="PASS" start="2024-03-28T21:57:20.558121" elapsed="0.001000"/>
</kw>
<kw name="Set Global Variable" owner="BuiltIn">
<msg time="2024-03-28T21:57:20.560122" level="INFO">${zip_code} = 96632-8129</msg>
<arg>${zip_code}</arg>
<arg>${body}[0][address][zip_code]</arg>
<doc>Makes a variable available globally in all tests and suites.</doc>
<status status="PASS" start="2024-03-28T21:57:20.560122" elapsed="0.001000"/>
</kw>
<kw name="Set Global Variable" owner="BuiltIn">
<msg time="2024-03-28T21:57:20.561122" level="INFO">${street_address} = 9565 Mitzie Track</msg>
<arg>${street_address}</arg>
<arg>${body}[0][address][street_address]</arg>
<doc>Makes a variable available globally in all tests and suites.</doc>
<status status="PASS" start="2024-03-28T21:57:20.561122" elapsed="0.000999"/>
</kw>
<kw name="Sleep" owner="BuiltIn">
<msg time="2024-03-28T21:57:22.562961" level="INFO">Slept 2 seconds.</msg>
<arg>${DELAY_TIME}s</arg>
<doc>Pauses the test executed for the given time.</doc>
<status status="PASS" start="2024-03-28T21:57:20.562121" elapsed="2.000840"/>
</kw>
<kw name="GET" owner="RequestsLibrary">
<msg time="2024-03-28T21:57:23.428003" level="INFO">GET Request : url=https://random-data-api.com/api/device/random_device?size=1 
 path_url=/api/device/random_device?size=1 
 headers={'User-Agent': 'python-requests/2.31.0', 'Accept-Encoding': 'gzip, deflate', 'Accept': '*/*', 'Connection': 'keep-alive'} 
 body=None 
 </msg>
<msg time="2024-03-28T21:57:23.429003" level="INFO">GET Response : url=https://random-data-api.com/api/device/random_device?size=1 
 status=200, reason=OK 
 headers={'Alt-Svc': 'h3=":443"; ma=2592000', 'Cache-Control': 'max-age=0, private, must-revalidate', 'Content-Length': '204', 'Content-Type': 'application/json; charset=utf-8', 'Etag': 'W/"7c5f2d849cea82d5c7de71728b7e9d6b"', 'Referrer-Policy': 'strict-origin-when-cross-origin', 'Server': 'Caddy', 'Strict-Transport-Security': 'max-age=63072000; includeSubDomains', 'Vary': 'Origin', 'X-Content-Type-Options': 'nosniff', 'X-Frame-Options': 'SAMEORIGIN', 'X-Permitted-Cross-Domain-Policies': 'none', 'X-Request-Id': 'c49af03e-816a-4a38-8747-68373219d58d', 'X-Runtime': '0.007952', 'X-Xss-Protection': '0', 'Date': 'Thu, 28 Mar 2024 20:57:23 GMT'} 
 body=[{"id":1573,"uid":"8dd2c7a9-1b85-45bc-addf-b9215d9235dc","build_number":350,"manufacturer":"Huawei","model":"P10 Plus","platform":"Android","serial_number":"UVr864F8zUbyYOAUd4cFOW9hpsZuGn","version":436}] 
 </msg>
<msg time="2024-03-28T21:57:23.431004" level="INFO">${response} = &lt;Response [200]&gt;</msg>
<var>${response}</var>
<arg>https://random-data-api.com/api/device/random_device</arg>
<arg>params=size=1</arg>
<doc>Sends a GET request.</doc>
<status status="PASS" start="2024-03-28T21:57:22.562961" elapsed="0.868043"/>
</kw>
<kw name="Set Variable" owner="BuiltIn">
<msg time="2024-03-28T21:57:23.433005" level="INFO">${body_device} = [{'id': 1573, 'uid': '8dd2c7a9-1b85-45bc-addf-b9215d9235dc', 'build_number': 350, 'manufacturer': 'Huawei', 'model': 'P10 Plus', 'platform': 'Android', 'serial_number': 'UVr864F8zUbyYOAUd4cFOW9hpsZuGn...</msg>
<var>${body_device}</var>
<arg>${response.json()}</arg>
<doc>Returns the given values which can then be assigned to a variables.</doc>
<status status="PASS" start="2024-03-28T21:57:23.432004" elapsed="0.001001"/>
</kw>
<kw name="Set Global Variable" owner="BuiltIn">
<msg time="2024-03-28T21:57:23.434005" level="INFO">${manufacturer} = Huawei</msg>
<arg>${manufacturer}</arg>
<arg>${body_device}[0][manufacturer]</arg>
<doc>Makes a variable available globally in all tests and suites.</doc>
<status status="PASS" start="2024-03-28T21:57:23.433005" elapsed="0.001000"/>
</kw>
<kw name="Set Global Variable" owner="BuiltIn">
<msg time="2024-03-28T21:57:23.434005" level="INFO">${model} = P10 Plus</msg>
<arg>${model}</arg>
<arg>${body_device}[0][model]</arg>
<doc>Makes a variable available globally in all tests and suites.</doc>
<status status="PASS" start="2024-03-28T21:57:23.434005" elapsed="0.001001"/>
</kw>
<kw name="Set Global Variable" owner="BuiltIn">
<msg time="2024-03-28T21:57:23.435006" level="INFO">${platform} = Android</msg>
<arg>${platform}</arg>
<arg>${body_device}[0][platform]</arg>
<doc>Makes a variable available globally in all tests and suites.</doc>
<status status="PASS" start="2024-03-28T21:57:23.435006" elapsed="0.001001"/>
</kw>
<kw name="Set Global Variable" owner="BuiltIn">
<msg time="2024-03-28T21:57:23.437007" level="INFO">${serial_number} = UVr864F8zUbyYOAUd4cFOW9hpsZuGn</msg>
<arg>${serial_number}</arg>
<arg>${body_device}[0][serial_number]</arg>
<doc>Makes a variable available globally in all tests and suites.</doc>
<status status="PASS" start="2024-03-28T21:57:23.436007" elapsed="0.001000"/>
</kw>
<kw name="Set Global Variable" owner="BuiltIn">
<msg time="2024-03-28T21:57:23.437007" level="INFO">${DROPDOWN_FULLNAME} = Beata Howe</msg>
<arg>${DROPDOWN_FULLNAME}</arg>
<arg>${first_name} ${last_name}</arg>
<doc>Makes a variable available globally in all tests and suites.</doc>
<status status="PASS" start="2024-03-28T21:57:23.437007" elapsed="0.001000"/>
</kw>
<kw name="Sleep" owner="BuiltIn">
<msg time="2024-03-28T21:57:25.438992" level="INFO">Slept 2 seconds.</msg>
<arg>${DELAY_TIME}s</arg>
<doc>Pauses the test executed for the given time.</doc>
<status status="PASS" start="2024-03-28T21:57:23.438007" elapsed="2.000985"/>
</kw>
<status status="PASS" start="2024-03-28T21:57:15.686529" elapsed="9.752463"/>
</kw>
<test id="s1-s1-t1" name="Searching" line="10">
<kw name="Click Element" owner="SeleniumLibrary">
<msg time="2024-03-28T21:57:25.440992" level="INFO">Clicking element '//a[contains(.,'Partnerek')]'.</msg>
<arg>${PARTNEREK}</arg>
<doc>Click the element identified by ``locator``.</doc>
<status status="PASS" start="2024-03-28T21:57:25.440002" elapsed="0.055653"/>
</kw>
<kw name="Sleep" owner="BuiltIn">
<msg time="2024-03-28T21:57:29.497730" level="INFO">Slept 4 seconds.</msg>
<arg>4s</arg>
<doc>Pauses the test executed for the given time.</doc>
<status status="PASS" start="2024-03-28T21:57:25.496652" elapsed="4.001078"/>
</kw>
<kw name="Mouse Over" owner="SeleniumLibrary">
<msg time="2024-03-28T21:57:29.498727" level="INFO">Simulating Mouse Over on element '//*[@id="Grid_add"]/button'.</msg>
<arg>${ADDBUTTON}</arg>
<doc>Simulates hovering the mouse over the element ``locator``.</doc>
<status status="PASS" start="2024-03-28T21:57:29.498727" elapsed="0.642534"/>
</kw>
<kw name="Sleep" owner="BuiltIn">
<msg time="2024-03-28T21:57:32.142526" level="INFO">Slept 2 seconds.</msg>
<arg>2s</arg>
<doc>Pauses the test executed for the given time.</doc>
<status status="PASS" start="2024-03-28T21:57:30.141261" elapsed="2.001265"/>
</kw>
<kw name="Press Keys" owner="SeleniumLibrary">
<msg time="2024-03-28T21:57:32.143527" level="INFO">Sending key(s) ('\\',) to //*[@id="Grid_add"]/button element.</msg>
<msg time="2024-03-28T21:57:32.431413" level="INFO">Sending key \</msg>
<arg>${ADDBUTTON}</arg>
<arg>\\</arg>
<doc>Simulates the user pressing key(s) to an element or on the active browser.</doc>
<status status="PASS" start="2024-03-28T21:57:32.143527" elapsed="0.295888"/>
</kw>
<kw name="Sleep" owner="BuiltIn">
<msg time="2024-03-28T21:57:33.440459" level="INFO">Slept 1 second.</msg>
<arg>1s</arg>
<doc>Pauses the test executed for the given time.</doc>
<status status="PASS" start="2024-03-28T21:57:32.439415" elapsed="1.001044"/>
</kw>
<kw name="Input Text" owner="SeleniumLibrary">
<msg time="2024-03-28T21:57:33.441463" level="INFO">Typing text 'Beata Howe' into text field '//input[@id='name']'.</msg>
<arg>${NAME_FIELD}</arg>
<arg>${first_name} ${last_name}</arg>
<doc>Types the given ``text`` into the text field identified by ``locator``.</doc>
<status status="PASS" start="2024-03-28T21:57:33.441463" elapsed="0.078928"/>
</kw>
<kw name="Input Text" owner="SeleniumLibrary">
<msg time="2024-03-28T21:57:33.521387" level="INFO">Typing text 'beata.howe@email.com' into text field '//input[@id='email']'.</msg>
<arg>${EMAIL_FIELD}</arg>
<arg>${email}</arg>
<doc>Types the given ``text`` into the text field identified by ``locator``.</doc>
<status status="PASS" start="2024-03-28T21:57:33.520391" elapsed="0.110385"/>
</kw>
<kw name="Input Text" owner="SeleniumLibrary">
<msg time="2024-03-28T21:57:33.632774" level="INFO">Typing text '7098' into text field '//input[@id='comment']'.</msg>
<arg>${ID_FIELD}</arg>
<arg>${id}</arg>
<doc>Types the given ``text`` into the text field identified by ``locator``.</doc>
<status status="PASS" start="2024-03-28T21:57:33.631774" elapsed="0.087486"/>
</kw>
<kw name="Click Button" owner="SeleniumLibrary">
<msg time="2024-03-28T21:57:33.720259" level="INFO">Clicking button '//button[@class='e-control e-btn e-lib e-control e-btn e-lib e-primary e-flat']'.</msg>
<arg>${SAVEBUTTON}</arg>
<doc>Clicks the button identified by ``locator``.</doc>
<status status="PASS" start="2024-03-28T21:57:33.720259" elapsed="0.075561"/>
</kw>
<status status="PASS" start="2024-03-28T21:57:25.438992" elapsed="8.357828"/>
</test>
<test id="s1-s1-t2" name="Telephelyek" line="25">
<kw name="Click Element" owner="SeleniumLibrary">
<msg time="2024-03-28T21:57:33.798820" level="INFO">Clicking element '//a[contains(.,'Telephelyek')]'.</msg>
<arg>${TELEPHELYEK}</arg>
<doc>Click the element identified by ``locator``.</doc>
<status status="PASS" start="2024-03-28T21:57:33.797821" elapsed="0.337446"/>
</kw>
<kw name="Sleep" owner="BuiltIn">
<msg time="2024-03-28T21:57:38.136953" level="INFO">Slept 4 seconds.</msg>
<arg>4s</arg>
<doc>Pauses the test executed for the given time.</doc>
<status status="PASS" start="2024-03-28T21:57:34.135267" elapsed="4.001686"/>
</kw>
<kw name="Mouse Over" owner="SeleniumLibrary">
<msg time="2024-03-28T21:57:38.138954" level="INFO">Simulating Mouse Over on element '//span[.='Add']'.</msg>
<arg>${ADDBUTTONTWO}</arg>
<doc>Simulates hovering the mouse over the element ``locator``.</doc>
<status status="PASS" start="2024-03-28T21:57:38.138954" elapsed="0.285241"/>
</kw>
<kw name="Sleep" owner="BuiltIn">
<msg time="2024-03-28T21:57:40.425447" level="INFO">Slept 2 seconds.</msg>
<arg>2s</arg>
<doc>Pauses the test executed for the given time.</doc>
<status status="PASS" start="2024-03-28T21:57:38.424195" elapsed="2.001252"/>
</kw>
<kw name="Press Keys" owner="SeleniumLibrary">
<msg time="2024-03-28T21:57:40.426443" level="INFO">Sending key(s) ('\\',) to //span[.='Add'] element.</msg>
<msg time="2024-03-28T21:57:40.711903" level="INFO">Sending key \</msg>
<arg>${ADDBUTTONTWO}</arg>
<arg>\\</arg>
<doc>Simulates the user pressing key(s) to an element or on the active browser.</doc>
<status status="PASS" start="2024-03-28T21:57:40.426443" elapsed="0.290467"/>
</kw>
<kw name="Sleep" owner="BuiltIn">
<msg time="2024-03-28T21:57:41.718847" level="INFO">Slept 1 second.</msg>
<arg>1s</arg>
<doc>Pauses the test executed for the given time.</doc>
<status status="PASS" start="2024-03-28T21:57:40.717912" elapsed="1.000935"/>
</kw>
<kw name="Input Text" owner="SeleniumLibrary">
<msg time="2024-03-28T21:57:41.719847" level="INFO">Typing text 'Beata Howe' into text field '//input[@class='e-control e-combobox e-lib e-input']'.</msg>
<arg>${UGYFEL_FIELD}</arg>
<arg>${first_name} ${last_name}</arg>
<doc>Types the given ``text`` into the text field identified by ``locator``.</doc>
<status status="PASS" start="2024-03-28T21:57:41.719847" elapsed="0.071059"/>
</kw>
<kw name="Input Text" owner="SeleniumLibrary">
<msg time="2024-03-28T21:57:41.791905" level="INFO">Typing text 'East Fidela' into text field '//input[@id='varos']'.</msg>
<arg>${CITY_FIELD}</arg>
<arg>${city}</arg>
<doc>Types the given ``text`` into the text field identified by ``locator``.</doc>
<status status="PASS" start="2024-03-28T21:57:41.790906" elapsed="0.093280"/>
</kw>
<kw name="Input Text" owner="SeleniumLibrary">
<msg time="2024-03-28T21:57:41.886182" level="INFO">Typing text '96632-8129' into text field '//input[@id='zip']'.</msg>
<arg>${ZIP_FIELD}</arg>
<arg>${zip_code}</arg>
<doc>Types the given ``text`` into the text field identified by ``locator``.</doc>
<status status="PASS" start="2024-03-28T21:57:41.885197" elapsed="0.087239"/>
</kw>
<kw name="Input Text" owner="SeleniumLibrary">
<msg time="2024-03-28T21:57:41.974438" level="INFO">Typing text 'Kraig Rue' into text field '//input[@id='utca']'.</msg>
<arg>${STREET_FIELD}</arg>
<arg>${street_name}</arg>
<doc>Types the given ``text`` into the text field identified by ``locator``.</doc>
<status status="PASS" start="2024-03-28T21:57:41.973436" elapsed="0.101050"/>
</kw>
<kw name="Input Text" owner="SeleniumLibrary">
<msg time="2024-03-28T21:57:42.075486" level="INFO">Typing text '9565 Mitzie Track' into text field '//input[@id='szam']'.</msg>
<arg>${ADRESS_FIELD}</arg>
<arg>${street_address}</arg>
<doc>Types the given ``text`` into the text field identified by ``locator``.</doc>
<status status="PASS" start="2024-03-28T21:57:42.074486" elapsed="0.090013"/>
</kw>
<kw name="Click Button" owner="SeleniumLibrary">
<msg time="2024-03-28T21:57:42.166500" level="INFO">Clicking button '//button[@class='e-control e-btn e-lib e-control e-btn e-lib e-primary e-flat']'.</msg>
<arg>${SAVEBUTTON_TELEP}</arg>
<doc>Clicks the button identified by ``locator``.</doc>
<status status="PASS" start="2024-03-28T21:57:42.165499" elapsed="0.063192"/>
</kw>
<status status="PASS" start="2024-03-28T21:57:33.797821" elapsed="8.431869"/>
</test>
<test id="s1-s1-t3" name="Eszkozok" line="43">
<kw name="Click Element" owner="SeleniumLibrary">
<msg time="2024-03-28T21:57:42.232692" level="INFO">Clicking element '//a[contains(.,'Eszközök')]'.</msg>
<arg>${ESZKOZOK}</arg>
<doc>Click the element identified by ``locator``.</doc>
<status status="PASS" start="2024-03-28T21:57:42.232692" elapsed="0.780273"/>
</kw>
<kw name="Sleep" owner="BuiltIn">
<msg time="2024-03-28T21:57:47.015025" level="INFO">Slept 4 seconds.</msg>
<arg>4s</arg>
<doc>Pauses the test executed for the given time.</doc>
<status status="PASS" start="2024-03-28T21:57:43.013968" elapsed="4.001057"/>
</kw>
<kw name="Mouse Over" owner="SeleniumLibrary">
<msg time="2024-03-28T21:57:47.015813" level="INFO">Simulating Mouse Over on element '//span[.='Add']'.</msg>
<arg>${ADDBUTTONTREE}</arg>
<doc>Simulates hovering the mouse over the element ``locator``.</doc>
<status status="PASS" start="2024-03-28T21:57:47.015813" elapsed="0.284203"/>
</kw>
<kw name="Sleep" owner="BuiltIn">
<msg time="2024-03-28T21:57:51.301395" level="INFO">Slept 4 seconds.</msg>
<arg>4s</arg>
<doc>Pauses the test executed for the given time.</doc>
<status status="PASS" start="2024-03-28T21:57:47.300016" elapsed="4.001379"/>
</kw>
<kw name="Press Keys" owner="SeleniumLibrary">
<msg time="2024-03-28T21:57:51.302385" level="INFO">Sending key(s) ('\\',) to //span[.='Add'] element.</msg>
<msg time="2024-03-28T21:57:51.585393" level="INFO">Sending key \</msg>
<arg>${ADDBUTTONTREE}</arg>
<arg>\\</arg>
<doc>Simulates the user pressing key(s) to an element or on the active browser.</doc>
<status status="PASS" start="2024-03-28T21:57:51.302385" elapsed="0.291010"/>
</kw>
<kw name="Sleep" owner="BuiltIn">
<msg time="2024-03-28T21:57:55.595283" level="INFO">Slept 4 seconds.</msg>
<arg>4s</arg>
<doc>Pauses the test executed for the given time.</doc>
<status status="PASS" start="2024-03-28T21:57:51.594395" elapsed="4.000888"/>
</kw>
<kw name="Input Text" owner="SeleniumLibrary">
<msg time="2024-03-28T21:57:55.596115" level="INFO">Typing text 'Huawei P10 Plus' into text field '//input[@id='name']'.</msg>
<arg>${MODEL_FIELD}</arg>
<arg>${manufacturer} ${model}</arg>
<doc>Types the given ``text`` into the text field identified by ``locator``.</doc>
<status status="PASS" start="2024-03-28T21:57:55.596115" elapsed="0.097959"/>
</kw>
<kw name="Sleep" owner="BuiltIn">
<msg time="2024-03-28T21:57:56.695379" level="INFO">Slept 1 second.</msg>
<arg>1s</arg>
<doc>Pauses the test executed for the given time.</doc>
<status status="PASS" start="2024-03-28T21:57:55.695074" elapsed="1.000305"/>
</kw>
<kw name="Click Element" owner="SeleniumLibrary">
<msg time="2024-03-28T21:57:56.696885" level="INFO">Clicking element '//*[@id="Grid_dialogEdit_wrapper_dialog-content"]/div/form/table/tbody/tr[3]/td/span/span[2]'.</msg>
<arg>${CUSTOMER_ARROW}</arg>
<doc>Click the element identified by ``locator``.</doc>
<status status="PASS" start="2024-03-28T21:57:56.695890" elapsed="0.049224"/>
</kw>
<kw name="Sleep" owner="BuiltIn">
<msg time="2024-03-28T21:57:58.746446" level="INFO">Slept 2 seconds.</msg>
<arg>2s</arg>
<doc>Pauses the test executed for the given time.</doc>
<status status="PASS" start="2024-03-28T21:57:56.746113" elapsed="2.000333"/>
</kw>
<kw name="Wait Until Element Is Visible" owner="SeleniumLibrary">
<arg>//li[.='${DROPDOWN_FULLNAME}']</arg>
<arg>timeout=10s</arg>
<doc>Waits until the element ``locator`` is visible.</doc>
<status status="PASS" start="2024-03-28T21:57:58.747443" elapsed="0.025006"/>
</kw>
<kw name="Click Element" owner="SeleniumLibrary">
<msg time="2024-03-28T21:57:58.773449" level="INFO">Clicking element '//li[.='Beata Howe']'.</msg>
<arg>//li[.='${DROPDOWN_FULLNAME}']</arg>
<doc>Click the element identified by ``locator``.</doc>
<status status="PASS" start="2024-03-28T21:57:58.772449" elapsed="0.045237"/>
</kw>
<kw name="Input Text" owner="SeleniumLibrary">
<msg time="2024-03-28T21:57:58.818678" level="INFO">Typing text 'Android' into text field '//textarea[@id='Desc']'.</msg>
<arg>${PLATFORM_FIELD}</arg>
<arg>${platform}</arg>
<doc>Types the given ``text`` into the text field identified by ``locator``.</doc>
<status status="PASS" start="2024-03-28T21:57:58.818678" elapsed="0.109000"/>
</kw>
<kw name="Input Text" owner="SeleniumLibrary">
<msg time="2024-03-28T21:57:58.928676" level="INFO">Typing text 'UVr864F8zUbyYOAUd4cFOW9hpsZuGn' into text field '//textarea[@id='Comm']'.</msg>
<arg>${SERIALNUMB_FIELD}</arg>
<arg>${serial_number}</arg>
<doc>Types the given ``text`` into the text field identified by ``locator``.</doc>
<status status="PASS" start="2024-03-28T21:57:58.928676" elapsed="0.124257"/>
</kw>
<kw name="Click Button" owner="SeleniumLibrary">
<msg time="2024-03-28T21:57:59.054934" level="INFO">Clicking button '//button[@class='e-control e-btn e-lib e-control e-btn e-lib e-primary e-flat']'.</msg>
<arg>${SAVEBUTTON_ESZKOZ}</arg>
<doc>Clicks the button identified by ``locator``.</doc>
<status status="PASS" start="2024-03-28T21:57:59.053933" elapsed="0.091363"/>
</kw>
<status status="PASS" start="2024-03-28T21:57:42.231691" elapsed="16.914605"/>
</test>
<test id="s1-s1-t4" name="Last Steps" line="64">
<kw name="Click Element" owner="SeleniumLibrary">
<msg time="2024-03-28T21:57:59.149298" level="INFO">Clicking element '//a[contains(.,'Partnerek')]'.</msg>
<arg>${PARTNEREK}</arg>
<doc>Click the element identified by ``locator``.</doc>
<status status="PASS" start="2024-03-28T21:57:59.148295" elapsed="0.248893"/>
</kw>
<kw name="Sleep" owner="BuiltIn">
<msg time="2024-03-28T21:58:03.399568" level="INFO">Slept 4 seconds.</msg>
<arg>4s</arg>
<doc>Pauses the test executed for the given time.</doc>
<status status="PASS" start="2024-03-28T21:57:59.398190" elapsed="4.001378"/>
</kw>
<kw name="Mouse Over" owner="SeleniumLibrary">
<msg time="2024-03-28T21:58:03.400566" level="INFO">Simulating Mouse Over on element '//span[.='Excel Export']'.</msg>
<arg>${EXCEL_EXPORT}</arg>
<doc>Simulates hovering the mouse over the element ``locator``.</doc>
<status status="PASS" start="2024-03-28T21:58:03.400566" elapsed="0.284637"/>
</kw>
<kw name="Sleep" owner="BuiltIn">
<msg time="2024-03-28T21:58:05.687065" level="INFO">Slept 2 seconds.</msg>
<arg>2s</arg>
<doc>Pauses the test executed for the given time.</doc>
<status status="PASS" start="2024-03-28T21:58:03.686200" elapsed="2.000865"/>
</kw>
<kw name="Press Keys" owner="SeleniumLibrary">
<msg time="2024-03-28T21:58:05.688472" level="INFO">Sending key(s) ('\\',) to //span[.='Excel Export'] element.</msg>
<msg time="2024-03-28T21:58:05.980798" level="INFO">Sending key \</msg>
<arg>${EXCEL_EXPORT}</arg>
<arg>\\</arg>
<doc>Simulates the user pressing key(s) to an element or on the active browser.</doc>
<status status="PASS" start="2024-03-28T21:58:05.687065" elapsed="0.303738"/>
</kw>
<kw name="Sleep" owner="BuiltIn">
<msg time="2024-03-28T21:58:06.993728" level="INFO">Slept 1 second.</msg>
<arg>1s</arg>
<doc>Pauses the test executed for the given time.</doc>
<status status="PASS" start="2024-03-28T21:58:05.991803" elapsed="1.001925"/>
</kw>
<kw name="Press Keys" owner="SeleniumLibrary">
<msg time="2024-03-28T21:58:06.995731" level="INFO">Sending key(s) ('ENTER',) to page.</msg>
<msg time="2024-03-28T21:58:06.996729" level="INFO">Pressing special key ENTER to browser.</msg>
<msg time="2024-03-28T21:58:06.996729" level="INFO">Releasing special key ENTER.</msg>
<arg>None</arg>
<arg>ENTER</arg>
<doc>Simulates the user pressing key(s) to an element or on the active browser.</doc>
<status status="PASS" start="2024-03-28T21:58:06.995731" elapsed="0.008999"/>
</kw>
<kw name="Click Element" owner="SeleniumLibrary">
<msg time="2024-03-28T21:58:07.005731" level="INFO">Clicking element '//a[contains(.,'Telephelyek')]'.</msg>
<arg>${TELEPHELYEK}</arg>
<doc>Click the element identified by ``locator``.</doc>
<status status="PASS" start="2024-03-28T21:58:07.005731" elapsed="0.061654"/>
</kw>
<kw name="Wait Until Keyword Succeeds" owner="BuiltIn">
<kw name="Input Text" owner="SeleniumLibrary">
<msg time="2024-03-28T21:58:07.069386" level="INFO">Typing text 'Beata Howe' into text field '//input[@id='Grid_ToolbarSearchBox']'.</msg>
<arg>${SEARCH_FIELD}</arg>
<arg>${DROPDOWN_FULLNAME}</arg>
<doc>Types the given ``text`` into the text field identified by ``locator``.</doc>
<status status="PASS" start="2024-03-28T21:58:07.069386" elapsed="0.115259"/>
</kw>
<arg>5x</arg>
<arg>1s</arg>
<arg>Input Text</arg>
<arg>${SEARCH_FIELD}</arg>
<arg>${DROPDOWN_FULLNAME}</arg>
<doc>Runs the specified keyword and retries if it fails.</doc>
<status status="PASS" start="2024-03-28T21:58:07.068386" elapsed="0.116259"/>
</kw>
<kw name="Click Element" owner="SeleniumLibrary">
<msg time="2024-03-28T21:58:07.185645" level="INFO">Clicking element '//span[@class='e-searchclear e-search-icon e-icons e-input-group-icon']'.</msg>
<arg>${SEARCH_ENTER}</arg>
<doc>Click the element identified by ``locator``.</doc>
<status status="PASS" start="2024-03-28T21:58:07.185645" elapsed="0.092622"/>
</kw>
<kw name="Wait Until Keyword Succeeds" owner="BuiltIn">
<kw name="Click Element" owner="SeleniumLibrary">
<msg time="2024-03-28T21:58:07.280267" level="INFO">Clicking element '//a[contains(.,'Szervíz')]'.</msg>
<msg time="2024-03-28T21:58:07.471801" level="INFO" html="true">&lt;/td&gt;&lt;/tr&gt;&lt;tr&gt;&lt;td colspan="3"&gt;&lt;a href="selenium-screenshot-262.png"&gt;&lt;img src="selenium-screenshot-262.png" width="800px"&gt;&lt;/a&gt;</msg>
<msg time="2024-03-28T21:58:07.471801" level="FAIL">Element with locator '//a[contains(.,'Szervíz')]' not found.</msg>
<arg>${STREET_URL}</arg>
<doc>Click the element identified by ``locator``.</doc>
<status status="FAIL" start="2024-03-28T21:58:07.279266" elapsed="0.196538">Element with locator '//a[contains(.,'Szervíz')]' not found.</status>
</kw>
<kw name="Click Element" owner="SeleniumLibrary">
<msg time="2024-03-28T21:58:08.477154" level="INFO">Clicking element '//a[contains(.,'Szervíz')]'.</msg>
<arg>${STREET_URL}</arg>
<doc>Click the element identified by ``locator``.</doc>
<status status="PASS" start="2024-03-28T21:58:08.476142" elapsed="0.295281"/>
</kw>
<arg>5x</arg>
<arg>1s</arg>
<arg>Click Element</arg>
<arg>${STREET_URL}</arg>
<doc>Runs the specified keyword and retries if it fails.</doc>
<status status="PASS" start="2024-03-28T21:58:07.279266" elapsed="1.492157"/>
</kw>
<status status="PASS" start="2024-03-28T21:57:59.147295" elapsed="9.625129"/>
</test>
<kw name="Suite Teardown" owner="resources.resource" type="TEARDOWN">
<kw name="Close Browser" owner="SeleniumLibrary">
<doc>Closes the current browser.</doc>
<status status="PASS" start="2024-03-28T21:58:08.775424" elapsed="2.193739"/>
</kw>
<status status="PASS" start="2024-03-28T21:58:08.774425" elapsed="2.194738"/>
</kw>
<status status="PASS" start="2024-03-28T21:57:15.400008" elapsed="55.569155"/>
</suite>
<status status="PASS" start="2024-03-28T21:57:15.369655" elapsed="55.602509"/>
</suite>
<statistics>
<total>
<stat pass="4" fail="0" skip="0">All Tests</stat>
</total>
<tag>
</tag>
<suite>
<stat pass="4" fail="0" skip="0" id="s1" name="Feladat">Feladat</stat>
<stat pass="4" fail="0" skip="0" id="s1-s1" name="Test">Feladat.Test</stat>
</suite>
</statistics>
<errors>
</errors>
</robot>
