<?xml version="1.0" encoding="UTF-8"?>
<robot generator="Robot 7.0 (Python 3.11.8 on win32)" generated="2024-03-27T21:04:36.292708" rpa="false" schemaversion="5">
<suite id="s1" name="Feladat" source="D:\INFO\projektfeladat\feladat">
<suite id="s1-s1" name="Test" source="D:\INFO\projektfeladat\feladat\test.robot">
<test id="s1-s1-t1" name="Searching" line="10">
<kw name="Test Setup" owner="resources.resource" type="SETUP">
<kw name="Open Browser" owner="SeleniumLibrary">
<msg time="2024-03-27T21:04:36.635469" level="INFO">Opening browser 'Chrome' to base url 'https://bwpool.azurewebsites.net/'.</msg>
<arg>${HOMEPAGE_URL}</arg>
<arg>${BROWSER}</arg>
<doc>Opens a new browser instance to the optional ``url``.</doc>
<status status="PASS" start="2024-03-27T21:04:36.634469" elapsed="3.298986"/>
</kw>
<kw name="Maximize Browser Window" owner="SeleniumLibrary">
<doc>Maximizes current browser window.</doc>
<status status="PASS" start="2024-03-27T21:04:39.933455" elapsed="0.123603"/>
</kw>
<kw name="Go To" owner="SeleniumLibrary">
<msg time="2024-03-27T21:04:40.058058" level="INFO">Opening url 'https://bwpool.azurewebsites.net/'</msg>
<arg>https://bwpool.azurewebsites.net/</arg>
<doc>Navigates the current browser window to the provided ``url``.</doc>
<status status="PASS" start="2024-03-27T21:04:40.057058" elapsed="0.372452"/>
</kw>
<kw name="GET" owner="RequestsLibrary">
<msg time="2024-03-27T21:04:41.300739" level="INFO">GET Request : url=https://random-data-api.com/api/users/random_user?size=1 
 path_url=/api/users/random_user?size=1 
 headers={'User-Agent': 'python-requests/2.31.0', 'Accept-Encoding': 'gzip, deflate', 'Accept': '*/*', 'Connection': 'keep-alive'} 
 body=None 
 </msg>
<msg time="2024-03-27T21:04:41.300739" level="INFO">GET Response : url=https://random-data-api.com/api/users/random_user?size=1 
 status=200, reason=OK 
 headers={'Alt-Svc': 'h3=":443"; ma=2592000', 'Cache-Control': 'max-age=0, private, must-revalidate', 'Content-Encoding': 'gzip', 'Content-Type': 'application/json; charset=utf-8', 'Etag': 'W/"9d25cdfaad29a84fdb1d77c67c19b0ab"', 'Referrer-Policy': 'strict-origin-when-cross-origin', 'Server': 'Caddy', 'Strict-Transport-Security': 'max-age=63072000; includeSubDomains', 'Vary': 'Origin, Accept-Encoding', 'X-Content-Type-Options': 'nosniff', 'X-Frame-Options': 'SAMEORIGIN', 'X-Permitted-Cross-Domain-Policies': 'none', 'X-Request-Id': '0ccfc32a-1186-4475-a1b3-ccce3d605881', 'X-Runtime': '0.010502', 'X-Xss-Protection': '0', 'Date': 'Wed, 27 Mar 2024 20:04:41 GMT', 'Content-Length': '582'} 
 body=[{"id":8746,"uid":"5c79ba8c-ce68-4c61-be12-6b75ec2090c2","password":"ePHgTbDya5","first_name":"Diana","last_name":"O'Conner","username":"diana.o'conner","email":"diana.o'conner@email.com","avatar":"https://robohash.org/doloribusnihilnatus.png?size=300x300\u0026set=set1","gender":"Agender","phone_number":"+58 214-727-0455 x21748","social_insurance_number":"931959852","date_of_birth":"1991-08-08","employment":{"title":"Construction Agent","key_skill":"Work under pressure"},"address":{"city":"Littelside","street_name":"Tierra Flats","street_address":"118 Buck Trail","zip_code":"32254-7648","state":"Oregon","country":"United States","coordinates":{"lat":72.92942393931591,"lng":-84.00138093476943}},"credit_card":{"cc_number":"6771-8918-7164-6747"},"subscription":{"plan":"Platinum","status":"Blocked","payment_method":"WeChat Pay","term":"Full subscription"}}] 
 </msg>
<msg time="2024-03-27T21:04:41.301740" level="INFO">${response} = &lt;Response [200]&gt;</msg>
<var>${response}</var>
<arg>https://random-data-api.com/api/users/random_user</arg>
<arg>params=size=1</arg>
<doc>Sends a GET request.</doc>
<status status="PASS" start="2024-03-27T21:04:40.430519" elapsed="0.871221"/>
</kw>
<kw name="Set Variable" owner="BuiltIn">
<msg time="2024-03-27T21:04:41.303740" level="INFO">${body} = [{'id': 8746, 'uid': '5c79ba8c-ce68-4c61-be12-6b75ec2090c2', 'password': 'ePHgTbDya5', 'first_name': 'Diana', 'last_name': "O'Conner", 'username': "diana.o'conner", 'email': "diana.o'conner@email.com"...</msg>
<var>${body}</var>
<arg>${response.json()}</arg>
<doc>Returns the given values which can then be assigned to a variables.</doc>
<status status="PASS" start="2024-03-27T21:04:41.301740" elapsed="0.002000"/>
</kw>
<kw name="Sleep" owner="BuiltIn">
<msg time="2024-03-27T21:04:42.305037" level="INFO">Slept 1 second.</msg>
<arg>${DELAY_TIME}s</arg>
<doc>Pauses the test executed for the given time.</doc>
<status status="PASS" start="2024-03-27T21:04:41.303740" elapsed="1.001297"/>
</kw>
<kw name="Set Global Variable" owner="BuiltIn">
<msg time="2024-03-27T21:04:42.306048" level="INFO">${first_name} = Diana</msg>
<arg>${first_name}</arg>
<arg>${body}[0][first_name]</arg>
<doc>Makes a variable available globally in all tests and suites.</doc>
<status status="PASS" start="2024-03-27T21:04:42.305037" elapsed="0.001011"/>
</kw>
<kw name="Set Global Variable" owner="BuiltIn">
<msg time="2024-03-27T21:04:42.307040" level="INFO">${last_name} = O'Conner</msg>
<arg>${last_name}</arg>
<arg>${body}[0][last_name]</arg>
<doc>Makes a variable available globally in all tests and suites.</doc>
<status status="PASS" start="2024-03-27T21:04:42.306048" elapsed="0.000992"/>
</kw>
<kw name="Set Global Variable" owner="BuiltIn">
<msg time="2024-03-27T21:04:42.308039" level="INFO">${email} = diana.o'conner@email.com</msg>
<arg>${email}</arg>
<arg>${body}[0][email]</arg>
<doc>Makes a variable available globally in all tests and suites.</doc>
<status status="PASS" start="2024-03-27T21:04:42.307040" elapsed="0.000999"/>
</kw>
<kw name="Set Global Variable" owner="BuiltIn">
<msg time="2024-03-27T21:04:42.309039" level="INFO">${id} = 8746</msg>
<arg>${id}</arg>
<arg>${body}[0][id]</arg>
<doc>Makes a variable available globally in all tests and suites.</doc>
<status status="PASS" start="2024-03-27T21:04:42.308039" elapsed="0.001000"/>
</kw>
<kw name="Set Global Variable" owner="BuiltIn">
<msg time="2024-03-27T21:04:42.310039" level="INFO">${city} = Littelside</msg>
<arg>${city}</arg>
<arg>${body}[0][address][city]</arg>
<doc>Makes a variable available globally in all tests and suites.</doc>
<status status="PASS" start="2024-03-27T21:04:42.309039" elapsed="0.001000"/>
</kw>
<kw name="Set Global Variable" owner="BuiltIn">
<msg time="2024-03-27T21:04:42.311039" level="INFO">${street_name} = Tierra Flats</msg>
<arg>${street_name}</arg>
<arg>${body}[0][address][street_name]</arg>
<doc>Makes a variable available globally in all tests and suites.</doc>
<status status="PASS" start="2024-03-27T21:04:42.310039" elapsed="0.001000"/>
</kw>
<kw name="Set Global Variable" owner="BuiltIn">
<msg time="2024-03-27T21:04:42.312041" level="INFO">${zip_code} = 32254-7648</msg>
<arg>${zip_code}</arg>
<arg>${body}[0][address][zip_code]</arg>
<doc>Makes a variable available globally in all tests and suites.</doc>
<status status="PASS" start="2024-03-27T21:04:42.311039" elapsed="0.001002"/>
</kw>
<kw name="Set Global Variable" owner="BuiltIn">
<msg time="2024-03-27T21:04:42.313042" level="INFO">${street_address} = 118 Buck Trail</msg>
<arg>${street_address}</arg>
<arg>${body}[0][address][street_address]</arg>
<doc>Makes a variable available globally in all tests and suites.</doc>
<status status="PASS" start="2024-03-27T21:04:42.312041" elapsed="0.001001"/>
</kw>
<status status="PASS" start="2024-03-27T21:04:36.633473" elapsed="5.679569"/>
</kw>
<kw name="Click Element" owner="SeleniumLibrary">
<msg time="2024-03-27T21:04:42.314040" level="INFO">Clicking element '//a[contains(.,'Partnerek')]'.</msg>
<arg>${PARTNEREK}</arg>
<doc>Click the element identified by ``locator``.</doc>
<status status="PASS" start="2024-03-27T21:04:42.314040" elapsed="0.058849"/>
</kw>
<kw name="Wait Until Keyword Succeeds" owner="BuiltIn">
<kw name="Click Element" owner="SeleniumLibrary">
<msg time="2024-03-27T21:04:42.375400" level="INFO">Clicking element '//span[.='Add']'.</msg>
<msg time="2024-03-27T21:04:42.522294" level="INFO" html="true">&lt;/td&gt;&lt;/tr&gt;&lt;tr&gt;&lt;td colspan="3"&gt;&lt;a href="selenium-screenshot-168.png"&gt;&lt;img src="selenium-screenshot-168.png" width="800px"&gt;&lt;/a&gt;</msg>
<msg time="2024-03-27T21:04:42.523295" level="FAIL">Element with locator '//span[.='Add']' not found.</msg>
<arg>${ADDBUTTON}</arg>
<doc>Click the element identified by ``locator``.</doc>
<status status="FAIL" start="2024-03-27T21:04:42.374401" elapsed="0.174407">Element with locator '//span[.='Add']' not found.</status>
</kw>
<kw name="Click Element" owner="SeleniumLibrary">
<msg time="2024-03-27T21:04:43.549116" level="INFO">Clicking element '//span[.='Add']'.</msg>
<arg>${ADDBUTTON}</arg>
<doc>Click the element identified by ``locator``.</doc>
<status status="PASS" start="2024-03-27T21:04:43.549116" elapsed="0.282846"/>
</kw>
<arg>5s</arg>
<arg>1s</arg>
<arg>Click Element</arg>
<arg>${ADDBUTTON}</arg>
<doc>Runs the specified keyword and retries if it fails.</doc>
<status status="PASS" start="2024-03-27T21:04:42.373405" elapsed="1.458557"/>
</kw>
<kw name="Input Text" owner="SeleniumLibrary">
<msg time="2024-03-27T21:04:43.833962" level="INFO">Typing text 'Diana O'Conner' into text field '//input[@id='name']'.</msg>
<msg time="2024-03-27T21:04:44.001887" level="INFO" html="true">&lt;/td&gt;&lt;/tr&gt;&lt;tr&gt;&lt;td colspan="3"&gt;&lt;a href="selenium-screenshot-169.png"&gt;&lt;img src="selenium-screenshot-169.png" width="800px"&gt;&lt;/a&gt;</msg>
<msg time="2024-03-27T21:04:44.002886" level="FAIL">Element with locator '//input[@id='name']' not found.</msg>
<arg>${NAME_FIELD}</arg>
<arg>${first_name} ${last_name}</arg>
<doc>Types the given ``text`` into the text field identified by ``locator``.</doc>
<status status="FAIL" start="2024-03-27T21:04:43.832961" elapsed="0.180928">Element with locator '//input[@id='name']' not found.</status>
</kw>
<kw name="Input Text" owner="SeleniumLibrary">
<arg>${EMAIL_FIELD}</arg>
<arg>${email}</arg>
<doc>Types the given ``text`` into the text field identified by ``locator``.</doc>
<status status="NOT RUN" start="2024-03-27T21:04:44.014889" elapsed="0.000000"/>
</kw>
<kw name="Input Text" owner="SeleniumLibrary">
<arg>${ID_FIELD}</arg>
<arg>${id}</arg>
<doc>Types the given ``text`` into the text field identified by ``locator``.</doc>
<status status="NOT RUN" start="2024-03-27T21:04:44.015889" elapsed="0.000000"/>
</kw>
<kw name="Click Button" owner="SeleniumLibrary">
<arg>${SAVEBUTTON}</arg>
<doc>Clicks the button identified by ``locator``.</doc>
<status status="NOT RUN" start="2024-03-27T21:04:44.015889" elapsed="0.000000"/>
</kw>
<kw name="Test Teardown" owner="resources.resource" type="TEARDOWN">
<kw name="Close Browser" owner="SeleniumLibrary">
<doc>Closes the current browser.</doc>
<status status="PASS" start="2024-03-27T21:04:44.017056" elapsed="2.138816"/>
</kw>
<status status="PASS" start="2024-03-27T21:04:44.015889" elapsed="2.139983"/>
</kw>
<status status="FAIL" start="2024-03-27T21:04:36.631960" elapsed="9.524913">Element with locator '//input[@id='name']' not found.</status>
</test>
<test id="s1-s1-t2" name="Telephely" line="20">
<kw name="Test Setup" owner="resources.resource" type="SETUP">
<kw name="Open Browser" owner="SeleniumLibrary">
<msg time="2024-03-27T21:04:46.159874" level="INFO">Opening browser 'Chrome' to base url 'https://bwpool.azurewebsites.net/'.</msg>
<arg>${HOMEPAGE_URL}</arg>
<arg>${BROWSER}</arg>
<doc>Opens a new browser instance to the optional ``url``.</doc>
<status status="PASS" start="2024-03-27T21:04:46.159874" elapsed="3.448505"/>
</kw>
<kw name="Maximize Browser Window" owner="SeleniumLibrary">
<doc>Maximizes current browser window.</doc>
<status status="PASS" start="2024-03-27T21:04:49.609379" elapsed="0.126591"/>
</kw>
<kw name="Go To" owner="SeleniumLibrary">
<msg time="2024-03-27T21:04:49.736970" level="INFO">Opening url 'https://bwpool.azurewebsites.net/'</msg>
<arg>https://bwpool.azurewebsites.net/</arg>
<doc>Navigates the current browser window to the provided ``url``.</doc>
<status status="PASS" start="2024-03-27T21:04:49.735970" elapsed="0.362758"/>
</kw>
<kw name="GET" owner="RequestsLibrary">
<msg time="2024-03-27T21:04:50.973157" level="INFO">GET Request : url=https://random-data-api.com/api/users/random_user?size=1 
 path_url=/api/users/random_user?size=1 
 headers={'User-Agent': 'python-requests/2.31.0', 'Accept-Encoding': 'gzip, deflate', 'Accept': '*/*', 'Connection': 'keep-alive'} 
 body=None 
 </msg>
<msg time="2024-03-27T21:04:50.974156" level="INFO">GET Response : url=https://random-data-api.com/api/users/random_user?size=1 
 status=200, reason=OK 
 headers={'Alt-Svc': 'h3=":443"; ma=2592000', 'Cache-Control': 'max-age=0, private, must-revalidate', 'Content-Encoding': 'gzip', 'Content-Type': 'application/json; charset=utf-8', 'Etag': 'W/"81243400c1073c4000e62b12fcf0b6b3"', 'Referrer-Policy': 'strict-origin-when-cross-origin', 'Server': 'Caddy', 'Strict-Transport-Security': 'max-age=63072000; includeSubDomains', 'Vary': 'Origin, Accept-Encoding', 'X-Content-Type-Options': 'nosniff', 'X-Frame-Options': 'SAMEORIGIN', 'X-Permitted-Cross-Domain-Policies': 'none', 'X-Request-Id': '3dbd4cf2-a6a2-41c7-b19d-8bd19fed238b', 'X-Runtime': '0.009098', 'X-Xss-Protection': '0', 'Date': 'Wed, 27 Mar 2024 20:04:50 GMT', 'Content-Length': '576'} 
 body=[{"id":2069,"uid":"3114d2a6-fd9c-489e-b235-37ff35e3e35d","password":"nkLWdeRJp1","first_name":"Mary","last_name":"Christiansen","username":"mary.christiansen","email":"mary.christiansen@email.com","avatar":"https://robohash.org/suntarchitectorepellat.png?size=300x300\u0026set=set1","gender":"Female","phone_number":"+1-670 245-202-5955","social_insurance_number":"799540745","date_of_birth":"1993-08-02","employment":{"title":"Education Agent","key_skill":"Self-motivated"},"address":{"city":"Jeremiahborough","street_name":"Juliette Plains","street_address":"227 Marvin Rest","zip_code":"90712-1788","state":"Washington","country":"United States","coordinates":{"lat":70.47201480200846,"lng":-101.4962820773923}},"credit_card":{"cc_number":"4537772318306"},"subscription":{"plan":"Premium","status":"Blocked","payment_method":"Debit card","term":"Monthly"}}] 
 </msg>
<msg time="2024-03-27T21:04:50.976156" level="INFO">${response} = &lt;Response [200]&gt;</msg>
<var>${response}</var>
<arg>https://random-data-api.com/api/users/random_user</arg>
<arg>params=size=1</arg>
<doc>Sends a GET request.</doc>
<status status="PASS" start="2024-03-27T21:04:50.098728" elapsed="0.877428"/>
</kw>
<kw name="Set Variable" owner="BuiltIn">
<msg time="2024-03-27T21:04:50.977156" level="INFO">${body} = [{'id': 2069, 'uid': '3114d2a6-fd9c-489e-b235-37ff35e3e35d', 'password': 'nkLWdeRJp1', 'first_name': 'Mary', 'last_name': 'Christiansen', 'username': 'mary.christiansen', 'email': 'mary.christiansen@e...</msg>
<var>${body}</var>
<arg>${response.json()}</arg>
<doc>Returns the given values which can then be assigned to a variables.</doc>
<status status="PASS" start="2024-03-27T21:04:50.976156" elapsed="0.002002"/>
</kw>
<kw name="Sleep" owner="BuiltIn">
<msg time="2024-03-27T21:04:51.979519" level="INFO">Slept 1 second.</msg>
<arg>${DELAY_TIME}s</arg>
<doc>Pauses the test executed for the given time.</doc>
<status status="PASS" start="2024-03-27T21:04:50.978158" elapsed="1.001361"/>
</kw>
<kw name="Set Global Variable" owner="BuiltIn">
<msg time="2024-03-27T21:04:51.980513" level="INFO">${first_name} = Mary</msg>
<arg>${first_name}</arg>
<arg>${body}[0][first_name]</arg>
<doc>Makes a variable available globally in all tests and suites.</doc>
<status status="PASS" start="2024-03-27T21:04:51.979519" elapsed="0.000994"/>
</kw>
<kw name="Set Global Variable" owner="BuiltIn">
<msg time="2024-03-27T21:04:51.981513" level="INFO">${last_name} = Christiansen</msg>
<arg>${last_name}</arg>
<arg>${body}[0][last_name]</arg>
<doc>Makes a variable available globally in all tests and suites.</doc>
<status status="PASS" start="2024-03-27T21:04:51.981513" elapsed="0.000000"/>
</kw>
<kw name="Set Global Variable" owner="BuiltIn">
<msg time="2024-03-27T21:04:51.982514" level="INFO">${email} = mary.christiansen@email.com</msg>
<arg>${email}</arg>
<arg>${body}[0][email]</arg>
<doc>Makes a variable available globally in all tests and suites.</doc>
<status status="PASS" start="2024-03-27T21:04:51.981513" elapsed="0.001001"/>
</kw>
<kw name="Set Global Variable" owner="BuiltIn">
<msg time="2024-03-27T21:04:51.983514" level="INFO">${id} = 2069</msg>
<arg>${id}</arg>
<arg>${body}[0][id]</arg>
<doc>Makes a variable available globally in all tests and suites.</doc>
<status status="PASS" start="2024-03-27T21:04:51.982514" elapsed="0.001000"/>
</kw>
<kw name="Set Global Variable" owner="BuiltIn">
<msg time="2024-03-27T21:04:51.984515" level="INFO">${city} = Jeremiahborough</msg>
<arg>${city}</arg>
<arg>${body}[0][address][city]</arg>
<doc>Makes a variable available globally in all tests and suites.</doc>
<status status="PASS" start="2024-03-27T21:04:51.984515" elapsed="0.000000"/>
</kw>
<kw name="Set Global Variable" owner="BuiltIn">
<msg time="2024-03-27T21:04:51.985515" level="INFO">${street_name} = Juliette Plains</msg>
<arg>${street_name}</arg>
<arg>${body}[0][address][street_name]</arg>
<doc>Makes a variable available globally in all tests and suites.</doc>
<status status="PASS" start="2024-03-27T21:04:51.984515" elapsed="0.001000"/>
</kw>
<kw name="Set Global Variable" owner="BuiltIn">
<msg time="2024-03-27T21:04:51.986514" level="INFO">${zip_code} = 90712-1788</msg>
<arg>${zip_code}</arg>
<arg>${body}[0][address][zip_code]</arg>
<doc>Makes a variable available globally in all tests and suites.</doc>
<status status="PASS" start="2024-03-27T21:04:51.985515" elapsed="0.000999"/>
</kw>
<kw name="Set Global Variable" owner="BuiltIn">
<msg time="2024-03-27T21:04:51.986514" level="INFO">${street_address} = 227 Marvin Rest</msg>
<arg>${street_address}</arg>
<arg>${body}[0][address][street_address]</arg>
<doc>Makes a variable available globally in all tests and suites.</doc>
<status status="PASS" start="2024-03-27T21:04:51.986514" elapsed="0.001001"/>
</kw>
<status status="PASS" start="2024-03-27T21:04:46.158875" elapsed="5.828640"/>
</kw>
<kw name="Click Element" owner="SeleniumLibrary">
<msg time="2024-03-27T21:04:51.988517" level="INFO">Clicking element '//a[contains(.,'Telephelyek')]'.</msg>
<arg>${TELEPHELYEK}</arg>
<doc>Click the element identified by ``locator``.</doc>
<status status="PASS" start="2024-03-27T21:04:51.988517" elapsed="0.061012"/>
</kw>
<kw name="Wait Until Keyword Succeeds" owner="BuiltIn">
<kw name="Click Element" owner="SeleniumLibrary">
<msg time="2024-03-27T21:04:52.052107" level="INFO">Clicking element '//span[.='Add']'.</msg>
<msg time="2024-03-27T21:04:52.206864" level="INFO" html="true">&lt;/td&gt;&lt;/tr&gt;&lt;tr&gt;&lt;td colspan="3"&gt;&lt;a href="selenium-screenshot-170.png"&gt;&lt;img src="selenium-screenshot-170.png" width="800px"&gt;&lt;/a&gt;</msg>
<msg time="2024-03-27T21:04:52.207862" level="FAIL">Element with locator '//span[.='Add']' not found.</msg>
<arg>${ADDBUTTONTWO}</arg>
<doc>Click the element identified by ``locator``.</doc>
<status status="FAIL" start="2024-03-27T21:04:52.051531" elapsed="0.158333">Element with locator '//span[.='Add']' not found.</status>
</kw>
<kw name="Click Element" owner="SeleniumLibrary">
<msg time="2024-03-27T21:04:53.211082" level="INFO">Clicking element '//span[.='Add']'.</msg>
<arg>${ADDBUTTONTWO}</arg>
<doc>Click the element identified by ``locator``.</doc>
<status status="PASS" start="2024-03-27T21:04:53.210398" elapsed="0.047370"/>
</kw>
<arg>5s</arg>
<arg>1s</arg>
<arg>Click Element</arg>
<arg>${ADDBUTTONTWO}</arg>
<doc>Runs the specified keyword and retries if it fails.</doc>
<status status="PASS" start="2024-03-27T21:04:52.050530" elapsed="1.207238"/>
</kw>
<kw name="Input Text" owner="SeleniumLibrary">
<msg time="2024-03-27T21:04:53.258767" level="INFO">Typing text 'Mary Christiansen' into text field '//input[@class='e-control e-combobox e-lib e-input']'.</msg>
<msg time="2024-03-27T21:04:53.432849" level="INFO" html="true">&lt;/td&gt;&lt;/tr&gt;&lt;tr&gt;&lt;td colspan="3"&gt;&lt;a href="selenium-screenshot-171.png"&gt;&lt;img src="selenium-screenshot-171.png" width="800px"&gt;&lt;/a&gt;</msg>
<msg time="2024-03-27T21:04:53.433850" level="FAIL">Element with locator '//input[@class='e-control e-combobox e-lib e-input']' not found.</msg>
<arg>${UGYFEL_FIELD}</arg>
<arg>${first_name} ${last_name}</arg>
<doc>Types the given ``text`` into the text field identified by ``locator``.</doc>
<status status="FAIL" start="2024-03-27T21:04:53.257768" elapsed="0.178082">Element with locator '//input[@class='e-control e-combobox e-lib e-input']' not found.</status>
</kw>
<kw name="Input Text" owner="SeleniumLibrary">
<arg>${CITY_FIELD}</arg>
<arg>${city}</arg>
<doc>Types the given ``text`` into the text field identified by ``locator``.</doc>
<status status="NOT RUN" start="2024-03-27T21:04:53.435850" elapsed="0.001000"/>
</kw>
<kw name="Input Text" owner="SeleniumLibrary">
<arg>${ZIP_FIELD}</arg>
<arg>${zip_code}</arg>
<doc>Types the given ``text`` into the text field identified by ``locator``.</doc>
<status status="NOT RUN" start="2024-03-27T21:04:53.436850" elapsed="0.000598"/>
</kw>
<kw name="Input Text" owner="SeleniumLibrary">
<arg>${STREET_FIELD}</arg>
<arg>${street_name}</arg>
<doc>Types the given ``text`` into the text field identified by ``locator``.</doc>
<status status="NOT RUN" start="2024-03-27T21:04:53.437448" elapsed="0.000000"/>
</kw>
<kw name="Input Text" owner="SeleniumLibrary">
<arg>${ADRESS_FIELD}</arg>
<arg>${street_address}</arg>
<doc>Types the given ``text`` into the text field identified by ``locator``.</doc>
<status status="NOT RUN" start="2024-03-27T21:04:53.437448" elapsed="0.000000"/>
</kw>
<kw name="Click Button" owner="SeleniumLibrary">
<arg>${SAVEBUTTON_TELEP}</arg>
<doc>Clicks the button identified by ``locator``.</doc>
<status status="NOT RUN" start="2024-03-27T21:04:53.438443" elapsed="0.000000"/>
</kw>
<kw name="Test Teardown" owner="resources.resource" type="TEARDOWN">
<kw name="Close Browser" owner="SeleniumLibrary">
<doc>Closes the current browser.</doc>
<status status="PASS" start="2024-03-27T21:04:53.439444" elapsed="2.157283"/>
</kw>
<status status="PASS" start="2024-03-27T21:04:53.439444" elapsed="2.157283"/>
</kw>
<status status="FAIL" start="2024-03-27T21:04:46.157873" elapsed="9.439854">Element with locator '//input[@class='e-control e-combobox e-lib e-input']' not found.</status>
</test>
<status status="FAIL" start="2024-03-27T21:04:36.329952" elapsed="19.269776"/>
</suite>
<status status="FAIL" start="2024-03-27T21:04:36.299944" elapsed="19.301784"/>
</suite>
<statistics>
<total>
<stat pass="0" fail="2" skip="0">All Tests</stat>
</total>
<tag>
</tag>
<suite>
<stat pass="0" fail="2" skip="0" id="s1" name="Feladat">Feladat</stat>
<stat pass="0" fail="2" skip="0" id="s1-s1" name="Test">Feladat.Test</stat>
</suite>
</statistics>
<errors>
</errors>
</robot>
