<?xml version="1.0" encoding="UTF-8"?>
<robot generator="Robot 7.0 (Python 3.11.8 on win32)" generated="2024-03-23T18:14:29.728591" rpa="false" schemaversion="5">
<suite id="s1" name="Feladat" source="D:\INFO\projektfeladat\feladat">
<suite id="s1-s1" name="Test" source="D:\INFO\projektfeladat\feladat\test.robot">
<test id="s1-s1-t1" name="Searching" line="10">
<kw name="Test Setup" owner="resources.resource" type="SETUP">
<kw name="Open Browser" owner="SeleniumLibrary">
<msg time="2024-03-23T18:14:30.030522" level="INFO">Opening browser 'Chrome' to base url 'https://bwpool.azurewebsites.net/'.</msg>
<arg>${HOMEPAGE_URL}</arg>
<arg>${BROWSER}</arg>
<doc>Opens a new browser instance to the optional ``url``.</doc>
<status status="PASS" start="2024-03-23T18:14:30.029519" elapsed="3.810746"/>
</kw>
<kw name="Maximize Browser Window" owner="SeleniumLibrary">
<doc>Maximizes current browser window.</doc>
<status status="PASS" start="2024-03-23T18:14:33.840265" elapsed="0.119578"/>
</kw>
<kw name="Go To" owner="SeleniumLibrary">
<msg time="2024-03-23T18:14:33.960842" level="INFO">Opening url 'https://bwpool.azurewebsites.net/'</msg>
<arg>https://bwpool.azurewebsites.net/</arg>
<doc>Navigates the current browser window to the provided ``url``.</doc>
<status status="PASS" start="2024-03-23T18:14:33.960842" elapsed="0.319573"/>
</kw>
<status status="PASS" start="2024-03-23T18:14:30.028519" elapsed="4.251896"/>
</kw>
<kw name="Click Element" owner="SeleniumLibrary">
<msg time="2024-03-23T18:14:34.281415" level="INFO">Clicking element '//a[contains(.,'Partnerek')]'.</msg>
<arg>${PARTNEREK}</arg>
<doc>Click the element identified by ``locator``.</doc>
<status status="PASS" start="2024-03-23T18:14:34.281415" elapsed="0.374723"/>
</kw>
<kw name="Wait Until Keyword Succeeds" owner="BuiltIn">
<kw name="Click Element" owner="SeleniumLibrary">
<msg time="2024-03-23T18:14:34.657138" level="INFO">Clicking element '//span[.='Add']'.</msg>
<msg time="2024-03-23T18:14:34.815245" level="INFO" html="true">&lt;/td&gt;&lt;/tr&gt;&lt;tr&gt;&lt;td colspan="3"&gt;&lt;a href="selenium-screenshot-57.png"&gt;&lt;img src="selenium-screenshot-57.png" width="800px"&gt;&lt;/a&gt;</msg>
<msg time="2024-03-23T18:14:34.816245" level="FAIL">ElementNotInteractableException: Message: element not interactable
  (Session info: chrome=122.0.6261.131)
Stacktrace:
	GetHandleVerifier [0x00007FF7EE14AD02+56930]
	(No symbol) [0x00007FF7EE0BF602]
	(No symbol) [0x00007FF7EDF7419D]
	(No symbol) [0x00007FF7EDFBACA2]
	(No symbol) [0x00007FF7EDFAF798]
	(No symbol) [0x00007FF7EDFDBC9A]
	(No symbol) [0x00007FF7EDFAF09A]
	(No symbol) [0x00007FF7EDFDBEB0]
	(No symbol) [0x00007FF7EDFF81E2]
	(No symbol) [0x00007FF7EDFDBA43]
	(No symbol) [0x00007FF7EDFAD438]
	(No symbol) [0x00007FF7EDFAE4D1]
	GetHandleVerifier [0x00007FF7EE4C6F8D+3711213]
	GetHandleVerifier [0x00007FF7EE5204CD+4077101]
	GetHandleVerifier [0x00007FF7EE51865F+4044735]
	GetHandleVerifier [0x00007FF7EE1E9736+706710]
	(No symbol) [0x00007FF7EE0CB8DF]
	(No symbol) [0x00007FF7EE0C6AC4]
	(No symbol) [0x00007FF7EE0C6C1C]
	(No symbol) [0x00007FF7EE0B68D4]
	BaseThreadInitThunk [0x00007FFFFE4A7344+20]
	RtlUserThreadStart [0x00007FFFFF1C26B1+33]
</msg>
<arg>${ADDBUTTON}</arg>
<doc>Click the element identified by ``locator``.</doc>
<status status="FAIL" start="2024-03-23T18:14:34.657138" elapsed="0.162635">ElementNotInteractableException: Message: element not interactable
  (Session info: chrome=122.0.6261.131)
Stacktrace:
	GetHandleVerifier [0x00007FF7EE14AD02+56930]
	(No symbol) [0x00007FF7EE0BF602]
	(No symbol) [0x00007FF7EDF7419D]
	(No symbol) [0x00007FF7EDFBACA2]
	(No symbol) [0x00007FF7EDFAF798]
	(No symbol) [0x00007FF7EDFDBC9A]
	(No symbol) [0x00007FF7EDFAF09A]
	(No symbol) [0x00007FF7EDFDBEB0]
	(No symbol) [0x00007FF7EDFF81E2]
	(No symbol) [0x00007FF7EDFDBA43]
	(No symbol) [0x00007FF7EDFAD438]
	(No symbol) [0x00007FF7EDFAE4D1]
	GetHandleVerifier [0x00007FF7EE4C6F8D+3711213]
	GetHandleVerifier [0x00007FF7EE5204CD+4077101]
	GetHandleVerifier [0x00007FF7EE51865F+4044735]
	GetHandleVerifier [0x00007FF7EE1E9736+706710]
	(No symbol) [0x00007FF7EE0CB8DF]
	(No symbol) [0x00007FF7EE0C6AC4]
	(No symbol) [0x00007FF7EE0C6C1C]
	(No symbol) [0x00007FF7EE0B68D4]
	BaseThreadInitThunk [0x00007FFFFE4A7344+20]
	RtlUserThreadStart [0x00007FFFFF1C26B1+33]
</status>
</kw>
<kw name="Click Element" owner="SeleniumLibrary">
<msg time="2024-03-23T18:14:35.821325" level="INFO">Clicking element '//span[.='Add']'.</msg>
<arg>${ADDBUTTON}</arg>
<doc>Click the element identified by ``locator``.</doc>
<status status="PASS" start="2024-03-23T18:14:35.821325" elapsed="0.038004"/>
</kw>
<arg>5s</arg>
<arg>1s</arg>
<arg>Click Element</arg>
<arg>${ADDBUTTON}</arg>
<doc>Runs the specified keyword and retries if it fails.</doc>
<status status="PASS" start="2024-03-23T18:14:34.656138" elapsed="1.203191"/>
</kw>
<kw name="GET" owner="RequestsLibrary">
<msg time="2024-03-23T18:14:36.713460" level="INFO">GET Request : url=https://random-data-api.com/api/users/random_user?size=1 
 path_url=/api/users/random_user?size=1 
 headers={'User-Agent': 'python-requests/2.31.0', 'Accept-Encoding': 'gzip, deflate', 'Accept': '*/*', 'Connection': 'keep-alive'} 
 body=None 
 </msg>
<msg time="2024-03-23T18:14:36.713460" level="INFO">GET Response : url=https://random-data-api.com/api/users/random_user?size=1 
 status=200, reason=OK 
 headers={'Alt-Svc': 'h3=":443"; ma=2592000', 'Cache-Control': 'max-age=0, private, must-revalidate', 'Content-Encoding': 'gzip', 'Content-Type': 'application/json; charset=utf-8', 'Etag': 'W/"1102f54acf4f534ffa6549686fe673e2"', 'Referrer-Policy': 'strict-origin-when-cross-origin', 'Server': 'Caddy', 'Strict-Transport-Security': 'max-age=63072000; includeSubDomains', 'Vary': 'Origin, Accept-Encoding', 'X-Content-Type-Options': 'nosniff', 'X-Frame-Options': 'SAMEORIGIN', 'X-Permitted-Cross-Domain-Policies': 'none', 'X-Request-Id': 'b386d9ec-6c8a-481c-ae32-8bff86043d09', 'X-Runtime': '0.013369', 'X-Xss-Protection': '0', 'Date': 'Sat, 23 Mar 2024 17:14:36 GMT', 'Content-Length': '583'} 
 body=[{"id":873,"uid":"eb186de3-f463-4442-8ce1-87597bf1d498","password":"pCIxqjBEFW","first_name":"Asha","last_name":"Walter","username":"asha.walter","email":"asha.walter@email.com","avatar":"https://robohash.org/inutvoluptatem.png?size=300x300\u0026set=set1","gender":"Genderqueer","phone_number":"+236 880.746.7726","social_insurance_number":"553356064","date_of_birth":"1974-04-13","employment":{"title":"Investor Real-Estate Architect","key_skill":"Work under pressure"},"address":{"city":"Toyborough","street_name":"Rochelle Islands","street_address":"248 Schneider Ramp","zip_code":"68503-7771","state":"Georgia","country":"United States","coordinates":{"lat":13.793579723510248,"lng":-39.18843523119355}},"credit_card":{"cc_number":"6771-8963-4133-2471"},"subscription":{"plan":"Starter","status":"Blocked","payment_method":"Bitcoins","term":"Monthly"}}] 
 </msg>
<msg time="2024-03-23T18:14:36.714460" level="INFO">${response} = &lt;Response [200]&gt;</msg>
<var>${response}</var>
<arg>https://random-data-api.com/api/users/random_user</arg>
<arg>params=size=1</arg>
<doc>Sends a GET request.</doc>
<status status="PASS" start="2024-03-23T18:14:35.860329" elapsed="0.854131"/>
</kw>
<kw name="Set Variable" owner="BuiltIn">
<msg time="2024-03-23T18:14:36.715461" level="INFO">${body} = [{'id': 873, 'uid': 'eb186de3-f463-4442-8ce1-87597bf1d498', 'password': 'pCIxqjBEFW', 'first_name': 'Asha', 'last_name': 'Walter', 'username': 'asha.walter', 'email': 'asha.walter@email.com', 'avatar'...</msg>
<var>${body}</var>
<arg>${response.json()}</arg>
<doc>Returns the given values which can then be assigned to a variables.</doc>
<status status="PASS" start="2024-03-23T18:14:36.714460" elapsed="0.002001"/>
</kw>
<kw name="Set Variable" owner="BuiltIn">
<msg time="2024-03-23T18:14:36.716461" level="INFO">${first_name} = Asha</msg>
<var>${first_name}</var>
<arg>${body}[0][first_name]</arg>
<doc>Returns the given values which can then be assigned to a variables.</doc>
<status status="PASS" start="2024-03-23T18:14:36.716461" elapsed="0.001000"/>
</kw>
<kw name="Set Variable" owner="BuiltIn">
<msg time="2024-03-23T18:14:36.718462" level="INFO">${last_name} = Walter</msg>
<var>${last_name}</var>
<arg>${body}[0][last_name]</arg>
<doc>Returns the given values which can then be assigned to a variables.</doc>
<status status="PASS" start="2024-03-23T18:14:36.717461" elapsed="0.001001"/>
</kw>
<kw name="Set Variable" owner="BuiltIn">
<msg time="2024-03-23T18:14:36.719462" level="INFO">${email} = asha.walter@email.com</msg>
<var>${email}</var>
<arg>${body}[0][email]</arg>
<doc>Returns the given values which can then be assigned to a variables.</doc>
<status status="PASS" start="2024-03-23T18:14:36.719462" elapsed="0.000999"/>
</kw>
<kw name="Set Variable" owner="BuiltIn">
<msg time="2024-03-23T18:14:36.721461" level="INFO">${id} = 873</msg>
<var>${id}</var>
<arg>${body}[0][id]</arg>
<doc>Returns the given values which can then be assigned to a variables.</doc>
<status status="PASS" start="2024-03-23T18:14:36.720461" elapsed="0.001000"/>
</kw>
<kw name="Set Variable" owner="BuiltIn">
<msg time="2024-03-23T18:14:36.722463" level="FAIL">Dictionary '${body}[0]' has no key 'city'.</msg>
<var>${city}</var>
<arg>${body}[0][city]</arg>
<doc>Returns the given values which can then be assigned to a variables.</doc>
<status status="FAIL" start="2024-03-23T18:14:36.722463" elapsed="0.001000">Dictionary '${body}[0]' has no key 'city'.</status>
</kw>
<kw name="Set Variable" owner="BuiltIn">
<var>${street_name}</var>
<arg>${body}[0][street_name]</arg>
<doc>Returns the given values which can then be assigned to a variables.</doc>
<status status="NOT RUN" start="2024-03-23T18:14:36.724462" elapsed="0.000000"/>
</kw>
<kw name="Set Variable" owner="BuiltIn">
<var>${zip_code}</var>
<arg>${body}[0][zip_code]</arg>
<doc>Returns the given values which can then be assigned to a variables.</doc>
<status status="NOT RUN" start="2024-03-23T18:14:36.724462" elapsed="0.001002"/>
</kw>
<kw name="Set Variable" owner="BuiltIn">
<var>${street_address}</var>
<arg>${body}[0][street_adress]</arg>
<doc>Returns the given values which can then be assigned to a variables.</doc>
<status status="NOT RUN" start="2024-03-23T18:14:36.725464" elapsed="0.000000"/>
</kw>
<kw name="Input Text" owner="SeleniumLibrary">
<arg>${NAME_FIELD}</arg>
<arg>${first_name} ${last_name}</arg>
<doc>Types the given ``text`` into the text field identified by ``locator``.</doc>
<status status="NOT RUN" start="2024-03-23T18:14:36.726463" elapsed="0.000000"/>
</kw>
<kw name="Input Text" owner="SeleniumLibrary">
<arg>${EMAIL_FIELD}</arg>
<arg>${email}</arg>
<doc>Types the given ``text`` into the text field identified by ``locator``.</doc>
<status status="NOT RUN" start="2024-03-23T18:14:36.726463" elapsed="0.000000"/>
</kw>
<kw name="Input Text" owner="SeleniumLibrary">
<arg>${ID_FIELD}</arg>
<arg>${id}</arg>
<doc>Types the given ``text`` into the text field identified by ``locator``.</doc>
<status status="NOT RUN" start="2024-03-23T18:14:36.727463" elapsed="0.000000"/>
</kw>
<kw name="Click Button" owner="SeleniumLibrary">
<arg>${SAVEBUTTON}</arg>
<doc>Clicks the button identified by ``locator``.</doc>
<status status="NOT RUN" start="2024-03-23T18:14:36.727463" elapsed="0.001000"/>
</kw>
<kw name="Click Element" owner="SeleniumLibrary">
<arg>${TELEPHELYEK}</arg>
<doc>Click the element identified by ``locator``.</doc>
<status status="NOT RUN" start="2024-03-23T18:14:36.728463" elapsed="0.000000"/>
</kw>
<kw name="Wait Until Keyword Succeeds" owner="BuiltIn">
<arg>5s</arg>
<arg>1s</arg>
<arg>Click Element</arg>
<arg>${ADDBUTTONTWO}</arg>
<doc>Runs the specified keyword and retries if it fails.</doc>
<status status="NOT RUN" start="2024-03-23T18:14:36.728463" elapsed="0.001000"/>
</kw>
<kw name="Input Text" owner="SeleniumLibrary">
<arg>${UGYFEL_FIELD}</arg>
<arg>${first_name} ${last_name}</arg>
<doc>Types the given ``text`` into the text field identified by ``locator``.</doc>
<status status="NOT RUN" start="2024-03-23T18:14:36.729463" elapsed="0.000000"/>
</kw>
<kw name="Input Text" owner="SeleniumLibrary">
<arg>${CITY_FIELD}</arg>
<arg>${city}</arg>
<doc>Types the given ``text`` into the text field identified by ``locator``.</doc>
<status status="NOT RUN" start="2024-03-23T18:14:36.729463" elapsed="0.000000"/>
</kw>
<kw name="Input Text" owner="SeleniumLibrary">
<arg>${ZIP_FIELD}</arg>
<arg>${zip_code}</arg>
<doc>Types the given ``text`` into the text field identified by ``locator``.</doc>
<status status="NOT RUN" start="2024-03-23T18:14:36.730463" elapsed="0.000000"/>
</kw>
<kw name="Input Text" owner="SeleniumLibrary">
<arg>${STREET_FIELD}</arg>
<arg>${street_name}</arg>
<doc>Types the given ``text`` into the text field identified by ``locator``.</doc>
<status status="NOT RUN" start="2024-03-23T18:14:36.730463" elapsed="0.000000"/>
</kw>
<kw name="Input Text" owner="SeleniumLibrary">
<arg>${ADRESS_FIELD}</arg>
<arg>${street_address}</arg>
<doc>Types the given ``text`` into the text field identified by ``locator``.</doc>
<status status="NOT RUN" start="2024-03-23T18:14:36.731463" elapsed="0.000000"/>
</kw>
<kw name="Click Button" owner="SeleniumLibrary">
<arg>${SAVEBUTTON_TELEP}</arg>
<doc>Clicks the button identified by ``locator``.</doc>
<status status="NOT RUN" start="2024-03-23T18:14:36.731463" elapsed="0.000000"/>
</kw>
<kw name="GET" owner="RequestsLibrary">
<var>${response}</var>
<arg>https://random-data-api.com/api/device/random_device</arg>
<arg>params=size=2</arg>
<doc>Sends a GET request.</doc>
<status status="NOT RUN" start="2024-03-23T18:14:36.732464" elapsed="0.000000"/>
</kw>
<kw name="Set Variable" owner="BuiltIn">
<var>${body}</var>
<arg>${response.json()}</arg>
<doc>Returns the given values which can then be assigned to a variables.</doc>
<status status="NOT RUN" start="2024-03-23T18:14:36.732464" elapsed="0.001000"/>
</kw>
<kw name="Set Variable" owner="BuiltIn">
<var>${manufacturer}</var>
<arg>${body}[0][manufacturer]</arg>
<doc>Returns the given values which can then be assigned to a variables.</doc>
<status status="NOT RUN" start="2024-03-23T18:14:36.733464" elapsed="0.000000"/>
</kw>
<kw name="Set Variable" owner="BuiltIn">
<var>${model}</var>
<arg>${body}[0][model]</arg>
<doc>Returns the given values which can then be assigned to a variables.</doc>
<status status="NOT RUN" start="2024-03-23T18:14:36.733464" elapsed="0.001000"/>
</kw>
<kw name="Set Variable" owner="BuiltIn">
<var>${platform}</var>
<arg>${body}[0][platform]</arg>
<doc>Returns the given values which can then be assigned to a variables.</doc>
<status status="NOT RUN" start="2024-03-23T18:14:36.734464" elapsed="0.000000"/>
</kw>
<kw name="Set Variable" owner="BuiltIn">
<var>${serial_number}</var>
<arg>${body}[0][serial_number]</arg>
<doc>Returns the given values which can then be assigned to a variables.</doc>
<status status="NOT RUN" start="2024-03-23T18:14:36.734464" elapsed="0.001000"/>
</kw>
<kw name="Click Element" owner="SeleniumLibrary">
<arg>${ESZKOZOK}</arg>
<doc>Click the element identified by ``locator``.</doc>
<status status="NOT RUN" start="2024-03-23T18:14:36.735464" elapsed="0.000000"/>
</kw>
<kw name="Wait Until Keyword Succeeds" owner="BuiltIn">
<arg>5s</arg>
<arg>1s</arg>
<arg>Click Element</arg>
<arg>${ADDBUTTONTREE}</arg>
<doc>Runs the specified keyword and retries if it fails.</doc>
<status status="NOT RUN" start="2024-03-23T18:14:36.735464" elapsed="0.001001"/>
</kw>
<kw name="Input Text" owner="SeleniumLibrary">
<arg>${MODEL_FIELD}</arg>
<arg>${manufacturer} ${model}</arg>
<doc>Types the given ``text`` into the text field identified by ``locator``.</doc>
<status status="NOT RUN" start="2024-03-23T18:14:36.736465" elapsed="0.000000"/>
</kw>
<kw name="Input Text" owner="SeleniumLibrary">
<arg>${CUSTOMER_FIELD}</arg>
<arg>${first_name} ${last_name}</arg>
<doc>Types the given ``text`` into the text field identified by ``locator``.</doc>
<status status="NOT RUN" start="2024-03-23T18:14:36.737465" elapsed="0.000000"/>
</kw>
<kw name="Input Text" owner="SeleniumLibrary">
<arg>${PLATFORM_FIELD}</arg>
<arg>${platform}</arg>
<doc>Types the given ``text`` into the text field identified by ``locator``.</doc>
<status status="NOT RUN" start="2024-03-23T18:14:36.737465" elapsed="0.000000"/>
</kw>
<kw name="Input Text" owner="SeleniumLibrary">
<arg>${SERIALNUMB_FIELD}</arg>
<arg>${serial_number}</arg>
<doc>Types the given ``text`` into the text field identified by ``locator``.</doc>
<status status="NOT RUN" start="2024-03-23T18:14:36.738465" elapsed="0.000000"/>
</kw>
<kw name="Click Button" owner="SeleniumLibrary">
<arg>${SAVEBUTTON_ESZKOZ}</arg>
<doc>Clicks the button identified by ``locator``.</doc>
<status status="NOT RUN" start="2024-03-23T18:14:36.739466" elapsed="0.000000"/>
</kw>
<status status="FAIL" start="2024-03-23T18:14:30.027519" elapsed="6.712947">Dictionary '${body}[0]' has no key 'city'.</status>
</test>
<status status="FAIL" start="2024-03-23T18:14:29.763609" elapsed="6.978857"/>
</suite>
<status status="FAIL" start="2024-03-23T18:14:29.734592" elapsed="7.009875"/>
</suite>
<statistics>
<total>
<stat pass="0" fail="1" skip="0">All Tests</stat>
</total>
<tag>
</tag>
<suite>
<stat pass="0" fail="1" skip="0" id="s1" name="Feladat">Feladat</stat>
<stat pass="0" fail="1" skip="0" id="s1-s1" name="Test">Feladat.Test</stat>
</suite>
</statistics>
<errors>
</errors>
</robot>
