<?xml version="1.0" encoding="UTF-8"?>
<robot generator="Robot 7.0 (Python 3.11.8 on win32)" generated="2024-03-28T20:33:21.781706" rpa="false" schemaversion="5">
<suite id="s1" name="Feladat" source="D:\INFO\projektfeladat\feladat">
<suite id="s1-s1" name="Test" source="D:\INFO\projektfeladat\feladat\test.robot">
<test id="s1-s1-t1" name="Searching" line="10">
<kw name="Test Setup" owner="resources.resource" type="SETUP">
<kw name="Open Browser" owner="SeleniumLibrary">
<msg time="2024-03-28T20:33:22.109172" level="INFO">Opening browser 'Chrome' to base url 'https://bwpool.azurewebsites.net/'.</msg>
<arg>${HOMEPAGE_URL}</arg>
<arg>${BROWSER}</arg>
<doc>Opens a new browser instance to the optional ``url``.</doc>
<status status="PASS" start="2024-03-28T20:33:22.108172" elapsed="3.180409"/>
</kw>
<kw name="Maximize Browser Window" owner="SeleniumLibrary">
<doc>Maximizes current browser window.</doc>
<status status="PASS" start="2024-03-28T20:33:25.288581" elapsed="0.123864"/>
</kw>
<kw name="Go To" owner="SeleniumLibrary">
<msg time="2024-03-28T20:33:25.413445" level="INFO">Opening url 'https://bwpool.azurewebsites.net/'</msg>
<arg>https://bwpool.azurewebsites.net/</arg>
<doc>Navigates the current browser window to the provided ``url``.</doc>
<status status="PASS" start="2024-03-28T20:33:25.413445" elapsed="0.347149"/>
</kw>
<kw name="GET" owner="RequestsLibrary">
<msg time="2024-03-28T20:33:26.699590" level="INFO">GET Request : url=https://random-data-api.com/api/users/random_user?size=1 
 path_url=/api/users/random_user?size=1 
 headers={'User-Agent': 'python-requests/2.31.0', 'Accept-Encoding': 'gzip, deflate', 'Accept': '*/*', 'Connection': 'keep-alive'} 
 body=None 
 </msg>
<msg time="2024-03-28T20:33:26.700623" level="INFO">GET Response : url=https://random-data-api.com/api/users/random_user?size=1 
 status=200, reason=OK 
 headers={'Alt-Svc': 'h3=":443"; ma=2592000', 'Cache-Control': 'max-age=0, private, must-revalidate', 'Content-Encoding': 'gzip', 'Content-Type': 'application/json; charset=utf-8', 'Etag': 'W/"026120f1482357f82d1c3f06b9e71d10"', 'Referrer-Policy': 'strict-origin-when-cross-origin', 'Server': 'Caddy', 'Strict-Transport-Security': 'max-age=63072000; includeSubDomains', 'Vary': 'Origin, Accept-Encoding', 'X-Content-Type-Options': 'nosniff', 'X-Frame-Options': 'SAMEORIGIN', 'X-Permitted-Cross-Domain-Policies': 'none', 'X-Request-Id': '274da209-6b43-43fb-8041-300021c659ae', 'X-Runtime': '0.013190', 'X-Xss-Protection': '0', 'Date': 'Thu, 28 Mar 2024 19:33:27 GMT', 'Content-Length': '579'} 
 body=[{"id":9207,"uid":"8220ca18-846c-4dc1-bfac-98a883d05c79","password":"hWn71MZwuo","first_name":"Jessika","last_name":"Schultz","username":"jessika.schultz","email":"jessika.schultz@email.com","avatar":"https://robohash.org/eumenimid.png?size=300x300\u0026set=set1","gender":"Polygender","phone_number":"+381 503.379.2717 x19665","social_insurance_number":"489544114","date_of_birth":"1973-02-24","employment":{"title":"Education Officer","key_skill":"Work under pressure"},"address":{"city":"East Debera","street_name":"Lakin Mountains","street_address":"2439 Emard Gardens","zip_code":"36826-9401","state":"Wyoming","country":"United States","coordinates":{"lat":-75.3496684249647,"lng":-144.027032169257}},"credit_card":{"cc_number":"6771-8982-9563-4720"},"subscription":{"plan":"Silver","status":"Active","payment_method":"Visa checkout","term":"Annual"}}] 
 </msg>
<msg time="2024-03-28T20:33:26.700623" level="INFO">${response} = &lt;Response [200]&gt;</msg>
<var>${response}</var>
<arg>https://random-data-api.com/api/users/random_user</arg>
<arg>params=size=1</arg>
<doc>Sends a GET request.</doc>
<status status="PASS" start="2024-03-28T20:33:25.760594" elapsed="0.940029"/>
</kw>
<kw name="Set Variable" owner="BuiltIn">
<msg time="2024-03-28T20:33:26.702591" level="INFO">${body} = [{'id': 9207, 'uid': '8220ca18-846c-4dc1-bfac-98a883d05c79', 'password': 'hWn71MZwuo', 'first_name': 'Jessika', 'last_name': 'Schultz', 'username': 'jessika.schultz', 'email': 'jessika.schultz@email.c...</msg>
<var>${body}</var>
<arg>${response.json()}</arg>
<doc>Returns the given values which can then be assigned to a variables.</doc>
<status status="PASS" start="2024-03-28T20:33:26.701590" elapsed="0.001001"/>
</kw>
<kw name="Set Global Variable" owner="BuiltIn">
<msg time="2024-03-28T20:33:26.703591" level="INFO">${first_name} = Jessika</msg>
<arg>${first_name}</arg>
<arg>${body}[0][first_name]</arg>
<doc>Makes a variable available globally in all tests and suites.</doc>
<status status="PASS" start="2024-03-28T20:33:26.703591" elapsed="0.000000"/>
</kw>
<kw name="Set Global Variable" owner="BuiltIn">
<msg time="2024-03-28T20:33:26.705593" level="INFO">${last_name} = Schultz</msg>
<arg>${last_name}</arg>
<arg>${body}[0][last_name]</arg>
<doc>Makes a variable available globally in all tests and suites.</doc>
<status status="PASS" start="2024-03-28T20:33:26.704592" elapsed="0.001001"/>
</kw>
<kw name="Set Global Variable" owner="BuiltIn">
<msg time="2024-03-28T20:33:26.707556" level="INFO">${email} = jessika.schultz@email.com</msg>
<arg>${email}</arg>
<arg>${body}[0][email]</arg>
<doc>Makes a variable available globally in all tests and suites.</doc>
<status status="PASS" start="2024-03-28T20:33:26.706594" elapsed="0.000962"/>
</kw>
<kw name="Set Global Variable" owner="BuiltIn">
<msg time="2024-03-28T20:33:26.708069" level="INFO">${id} = 9207</msg>
<arg>${id}</arg>
<arg>${body}[0][id]</arg>
<doc>Makes a variable available globally in all tests and suites.</doc>
<status status="PASS" start="2024-03-28T20:33:26.708069" elapsed="0.000996"/>
</kw>
<kw name="Set Global Variable" owner="BuiltIn">
<msg time="2024-03-28T20:33:26.709065" level="INFO">${city} = East Debera</msg>
<arg>${city}</arg>
<arg>${body}[0][address][city]</arg>
<doc>Makes a variable available globally in all tests and suites.</doc>
<status status="PASS" start="2024-03-28T20:33:26.709065" elapsed="0.000000"/>
</kw>
<kw name="Set Global Variable" owner="BuiltIn">
<msg time="2024-03-28T20:33:26.710064" level="INFO">${street_name} = Lakin Mountains</msg>
<arg>${street_name}</arg>
<arg>${body}[0][address][street_name]</arg>
<doc>Makes a variable available globally in all tests and suites.</doc>
<status status="PASS" start="2024-03-28T20:33:26.710064" elapsed="0.000000"/>
</kw>
<kw name="Set Global Variable" owner="BuiltIn">
<msg time="2024-03-28T20:33:26.711064" level="INFO">${zip_code} = 36826-9401</msg>
<arg>${zip_code}</arg>
<arg>${body}[0][address][zip_code]</arg>
<doc>Makes a variable available globally in all tests and suites.</doc>
<status status="PASS" start="2024-03-28T20:33:26.710064" elapsed="0.001000"/>
</kw>
<kw name="Set Global Variable" owner="BuiltIn">
<msg time="2024-03-28T20:33:26.712065" level="INFO">${street_address} = 2439 Emard Gardens</msg>
<arg>${street_address}</arg>
<arg>${body}[0][address][street_address]</arg>
<doc>Makes a variable available globally in all tests and suites.</doc>
<status status="PASS" start="2024-03-28T20:33:26.711064" elapsed="0.001001"/>
</kw>
<kw name="Sleep" owner="BuiltIn">
<msg time="2024-03-28T20:33:28.715097" level="INFO">Slept 2 seconds.</msg>
<arg>${DELAY_TIME}s</arg>
<doc>Pauses the test executed for the given time.</doc>
<status status="PASS" start="2024-03-28T20:33:26.713066" elapsed="2.002031"/>
</kw>
<kw name="GET" owner="RequestsLibrary">
<msg time="2024-03-28T20:33:29.556548" level="INFO">GET Request : url=https://random-data-api.com/api/device/random_device?size=1 
 path_url=/api/device/random_device?size=1 
 headers={'User-Agent': 'python-requests/2.31.0', 'Accept-Encoding': 'gzip, deflate', 'Accept': '*/*', 'Connection': 'keep-alive'} 
 body=None 
 </msg>
<msg time="2024-03-28T20:33:29.556548" level="INFO">GET Response : url=https://random-data-api.com/api/device/random_device?size=1 
 status=200, reason=OK 
 headers={'Alt-Svc': 'h3=":443"; ma=2592000', 'Cache-Control': 'max-age=0, private, must-revalidate', 'Content-Length': '196', 'Content-Type': 'application/json; charset=utf-8', 'Etag': 'W/"70ba9112c466e07d7667453ff00154bc"', 'Referrer-Policy': 'strict-origin-when-cross-origin', 'Server': 'Caddy', 'Strict-Transport-Security': 'max-age=63072000; includeSubDomains', 'Vary': 'Origin', 'X-Content-Type-Options': 'nosniff', 'X-Frame-Options': 'SAMEORIGIN', 'X-Permitted-Cross-Domain-Policies': 'none', 'X-Request-Id': '5783f0cf-d732-42e6-8e8e-21c51059e1a6', 'X-Runtime': '0.005548', 'X-Xss-Protection': '0', 'Date': 'Thu, 28 Mar 2024 19:33:30 GMT'} 
 body=[{"id":2608,"uid":"8cdf3044-9b4b-4472-a7bb-5681430fa7d7","build_number":323,"manufacturer":"Xiamomi","model":"P20","platform":"Windows Phone","serial_number":"ToFVWLzGTJhQxAaJlDDn","version":361}] 
 </msg>
<msg time="2024-03-28T20:33:29.558550" level="INFO">${response} = &lt;Response [200]&gt;</msg>
<var>${response}</var>
<arg>https://random-data-api.com/api/device/random_device</arg>
<arg>params=size=1</arg>
<doc>Sends a GET request.</doc>
<status status="PASS" start="2024-03-28T20:33:28.716098" elapsed="0.842452"/>
</kw>
<kw name="Set Variable" owner="BuiltIn">
<msg time="2024-03-28T20:33:29.560559" level="INFO">${body_device} = [{'id': 2608, 'uid': '8cdf3044-9b4b-4472-a7bb-5681430fa7d7', 'build_number': 323, 'manufacturer': 'Xiamomi', 'model': 'P20', 'platform': 'Windows Phone', 'serial_number': 'ToFVWLzGTJhQxAaJlDDn', 'vers...</msg>
<var>${body_device}</var>
<arg>${response.json()}</arg>
<doc>Returns the given values which can then be assigned to a variables.</doc>
<status status="PASS" start="2024-03-28T20:33:29.559550" elapsed="0.001009"/>
</kw>
<kw name="Set Global Variable" owner="BuiltIn">
<msg time="2024-03-28T20:33:29.561561" level="INFO">${manufacturer} = Xiamomi</msg>
<arg>${manufacturer}</arg>
<arg>${body_device}[0][manufacturer]</arg>
<doc>Makes a variable available globally in all tests and suites.</doc>
<status status="PASS" start="2024-03-28T20:33:29.560559" elapsed="0.001002"/>
</kw>
<kw name="Set Global Variable" owner="BuiltIn">
<msg time="2024-03-28T20:33:29.562550" level="INFO">${model} = P20</msg>
<arg>${model}</arg>
<arg>${body_device}[0][model]</arg>
<doc>Makes a variable available globally in all tests and suites.</doc>
<status status="PASS" start="2024-03-28T20:33:29.561561" elapsed="0.000989"/>
</kw>
<kw name="Set Global Variable" owner="BuiltIn">
<msg time="2024-03-28T20:33:29.563550" level="INFO">${platform} = Windows Phone</msg>
<arg>${platform}</arg>
<arg>${body_device}[0][platform]</arg>
<doc>Makes a variable available globally in all tests and suites.</doc>
<status status="PASS" start="2024-03-28T20:33:29.563550" elapsed="0.000000"/>
</kw>
<kw name="Set Global Variable" owner="BuiltIn">
<msg time="2024-03-28T20:33:29.564551" level="INFO">${serial_number} = ToFVWLzGTJhQxAaJlDDn</msg>
<arg>${serial_number}</arg>
<arg>${body_device}[0][serial_number]</arg>
<doc>Makes a variable available globally in all tests and suites.</doc>
<status status="PASS" start="2024-03-28T20:33:29.564551" elapsed="0.000000"/>
</kw>
<kw name="Sleep" owner="BuiltIn">
<msg time="2024-03-28T20:33:31.566558" level="INFO">Slept 2 seconds.</msg>
<arg>${DELAY_TIME}s</arg>
<doc>Pauses the test executed for the given time.</doc>
<status status="PASS" start="2024-03-28T20:33:29.565553" elapsed="2.001005"/>
</kw>
<status status="PASS" start="2024-03-28T20:33:22.107173" elapsed="9.459385"/>
</kw>
<kw name="Click Element" owner="SeleniumLibrary">
<msg time="2024-03-28T20:33:31.568559" level="INFO">Clicking element '//a[contains(.,'Partnerek')]'.</msg>
<arg>${PARTNEREK}</arg>
<doc>Click the element identified by ``locator``.</doc>
<status status="PASS" start="2024-03-28T20:33:31.567560" elapsed="0.058593"/>
</kw>
<kw name="Sleep" owner="BuiltIn">
<msg time="2024-03-28T20:33:35.626348" level="INFO">Slept 4 seconds.</msg>
<arg>4s</arg>
<doc>Pauses the test executed for the given time.</doc>
<status status="PASS" start="2024-03-28T20:33:31.626153" elapsed="4.000195"/>
</kw>
<kw name="Mouse Over" owner="SeleniumLibrary">
<msg time="2024-03-28T20:33:35.627348" level="INFO">Simulating Mouse Over on element '//*[@id="Grid_add"]/button'.</msg>
<arg>${ADDBUTTON}</arg>
<doc>Simulates hovering the mouse over the element ``locator``.</doc>
<status status="PASS" start="2024-03-28T20:33:35.627348" elapsed="0.287356"/>
</kw>
<kw name="Sleep" owner="BuiltIn">
<msg time="2024-03-28T20:33:37.917519" level="INFO">Slept 2 seconds.</msg>
<arg>2s</arg>
<doc>Pauses the test executed for the given time.</doc>
<status status="PASS" start="2024-03-28T20:33:35.915703" elapsed="2.001816"/>
</kw>
<kw name="Press Keys" owner="SeleniumLibrary">
<msg time="2024-03-28T20:33:37.918513" level="INFO">Sending key(s) ('\\',) to //*[@id="Grid_add"]/button element.</msg>
<msg time="2024-03-28T20:33:38.207763" level="INFO">Sending key \</msg>
<arg>${ADDBUTTON}</arg>
<arg>\\</arg>
<doc>Simulates the user pressing key(s) to an element or on the active browser.</doc>
<status status="PASS" start="2024-03-28T20:33:37.918513" elapsed="0.299255"/>
</kw>
<kw name="Sleep" owner="BuiltIn">
<msg time="2024-03-28T20:33:39.219374" level="INFO">Slept 1 second.</msg>
<arg>1s</arg>
<doc>Pauses the test executed for the given time.</doc>
<status status="PASS" start="2024-03-28T20:33:38.217768" elapsed="1.001606"/>
</kw>
<kw name="Input Text" owner="SeleniumLibrary">
<msg time="2024-03-28T20:33:39.220369" level="INFO">Typing text 'Jessika Schultz' into text field '//input[@id='name']'.</msg>
<arg>${NAME_FIELD}</arg>
<arg>${first_name} ${last_name}</arg>
<doc>Types the given ``text`` into the text field identified by ``locator``.</doc>
<status status="PASS" start="2024-03-28T20:33:39.220369" elapsed="0.089522"/>
</kw>
<kw name="Input Text" owner="SeleniumLibrary">
<msg time="2024-03-28T20:33:39.310889" level="INFO">Typing text 'jessika.schultz@email.com' into text field '//input[@id='email']'.</msg>
<arg>${EMAIL_FIELD}</arg>
<arg>${email}</arg>
<doc>Types the given ``text`` into the text field identified by ``locator``.</doc>
<status status="PASS" start="2024-03-28T20:33:39.309891" elapsed="0.110431"/>
</kw>
<kw name="Input Text" owner="SeleniumLibrary">
<msg time="2024-03-28T20:33:39.421322" level="INFO">Typing text '9207' into text field '//input[@id='comment']'.</msg>
<arg>${ID_FIELD}</arg>
<arg>${id}</arg>
<doc>Types the given ``text`` into the text field identified by ``locator``.</doc>
<status status="PASS" start="2024-03-28T20:33:39.421322" elapsed="0.082589"/>
</kw>
<kw name="Click Button" owner="SeleniumLibrary">
<msg time="2024-03-28T20:33:39.504910" level="INFO">Clicking button '//button[@class='e-control e-btn e-lib e-control e-btn e-lib e-primary e-flat']'.</msg>
<arg>${SAVEBUTTON}</arg>
<doc>Clicks the button identified by ``locator``.</doc>
<status status="PASS" start="2024-03-28T20:33:39.504910" elapsed="0.069315"/>
</kw>
<kw name="Test Teardown" owner="resources.resource" type="TEARDOWN">
<kw name="Close Browser" owner="SeleniumLibrary">
<doc>Closes the current browser.</doc>
<status status="PASS" start="2024-03-28T20:33:39.575226" elapsed="2.144315"/>
</kw>
<status status="PASS" start="2024-03-28T20:33:39.575226" elapsed="2.144315"/>
</kw>
<status status="PASS" start="2024-03-28T20:33:22.105172" elapsed="19.615370"/>
</test>
<test id="s1-s1-t2" name="Telephelyek" line="24">
<kw name="Test Setup" owner="resources.resource" type="SETUP">
<kw name="Open Browser" owner="SeleniumLibrary">
<msg time="2024-03-28T20:33:41.723543" level="INFO">Opening browser 'Chrome' to base url 'https://bwpool.azurewebsites.net/'.</msg>
<arg>${HOMEPAGE_URL}</arg>
<arg>${BROWSER}</arg>
<doc>Opens a new browser instance to the optional ``url``.</doc>
<status status="PASS" start="2024-03-28T20:33:41.723543" elapsed="3.252027"/>
</kw>
<kw name="Maximize Browser Window" owner="SeleniumLibrary">
<doc>Maximizes current browser window.</doc>
<status status="PASS" start="2024-03-28T20:33:44.976570" elapsed="0.112445"/>
</kw>
<kw name="Go To" owner="SeleniumLibrary">
<msg time="2024-03-28T20:33:45.090014" level="INFO">Opening url 'https://bwpool.azurewebsites.net/'</msg>
<arg>https://bwpool.azurewebsites.net/</arg>
<doc>Navigates the current browser window to the provided ``url``.</doc>
<status status="PASS" start="2024-03-28T20:33:45.089015" elapsed="0.357542"/>
</kw>
<kw name="GET" owner="RequestsLibrary">
<msg time="2024-03-28T20:33:46.292552" level="INFO">GET Request : url=https://random-data-api.com/api/users/random_user?size=1 
 path_url=/api/users/random_user?size=1 
 headers={'User-Agent': 'python-requests/2.31.0', 'Accept-Encoding': 'gzip, deflate', 'Accept': '*/*', 'Connection': 'keep-alive'} 
 body=None 
 </msg>
<msg time="2024-03-28T20:33:46.293556" level="INFO">GET Response : url=https://random-data-api.com/api/users/random_user?size=1 
 status=200, reason=OK 
 headers={'Alt-Svc': 'h3=":443"; ma=2592000', 'Cache-Control': 'max-age=0, private, must-revalidate', 'Content-Encoding': 'gzip', 'Content-Type': 'application/json; charset=utf-8', 'Etag': 'W/"5f8d4361e687daaf24fff3e8fc036045"', 'Referrer-Policy': 'strict-origin-when-cross-origin', 'Server': 'Caddy', 'Strict-Transport-Security': 'max-age=63072000; includeSubDomains', 'Vary': 'Origin, Accept-Encoding', 'X-Content-Type-Options': 'nosniff', 'X-Frame-Options': 'SAMEORIGIN', 'X-Permitted-Cross-Domain-Policies': 'none', 'X-Request-Id': 'c7c36e6d-49a2-443e-892e-76bdb01ed097', 'X-Runtime': '0.011915', 'X-Xss-Protection': '0', 'Date': 'Thu, 28 Mar 2024 19:33:46 GMT', 'Content-Length': '588'} 
 body=[{"id":4456,"uid":"fe22a2ae-7d74-4f6c-81a4-a1cdf23b27f5","password":"AnYg9i7ZDB","first_name":"Branden","last_name":"Harris","username":"branden.harris","email":"branden.harris@email.com","avatar":"https://robohash.org/doloresetoccaecati.png?size=300x300\u0026set=set1","gender":"Agender","phone_number":"+1-284 270.858.4484","social_insurance_number":"408804821","date_of_birth":"2001-11-22","employment":{"title":"Future Accounting Engineer","key_skill":"Self-motivated"},"address":{"city":"Marquardtport","street_name":"Willard Row","street_address":"7570 Ian Hills","zip_code":"90389-4309","state":"South Carolina","country":"United States","coordinates":{"lat":73.26923941746233,"lng":-79.79710220185464}},"credit_card":{"cc_number":"6771-8955-9600-8901"},"subscription":{"plan":"Professional","status":"Active","payment_method":"Debit card","term":"Monthly"}}] 
 </msg>
<msg time="2024-03-28T20:33:46.295556" level="INFO">${response} = &lt;Response [200]&gt;</msg>
<var>${response}</var>
<arg>https://random-data-api.com/api/users/random_user</arg>
<arg>params=size=1</arg>
<doc>Sends a GET request.</doc>
<status status="PASS" start="2024-03-28T20:33:45.446557" elapsed="0.848999"/>
</kw>
<kw name="Set Variable" owner="BuiltIn">
<msg time="2024-03-28T20:33:46.297558" level="INFO">${body} = [{'id': 4456, 'uid': 'fe22a2ae-7d74-4f6c-81a4-a1cdf23b27f5', 'password': 'AnYg9i7ZDB', 'first_name': 'Branden', 'last_name': 'Harris', 'username': 'branden.harris', 'email': 'branden.harris@email.com'...</msg>
<var>${body}</var>
<arg>${response.json()}</arg>
<doc>Returns the given values which can then be assigned to a variables.</doc>
<status status="PASS" start="2024-03-28T20:33:46.296566" elapsed="0.000992"/>
</kw>
<kw name="Set Global Variable" owner="BuiltIn">
<msg time="2024-03-28T20:33:46.298558" level="INFO">${first_name} = Branden</msg>
<arg>${first_name}</arg>
<arg>${body}[0][first_name]</arg>
<doc>Makes a variable available globally in all tests and suites.</doc>
<status status="PASS" start="2024-03-28T20:33:46.297558" elapsed="0.001000"/>
</kw>
<kw name="Set Global Variable" owner="BuiltIn">
<msg time="2024-03-28T20:33:46.299558" level="INFO">${last_name} = Harris</msg>
<arg>${last_name}</arg>
<arg>${body}[0][last_name]</arg>
<doc>Makes a variable available globally in all tests and suites.</doc>
<status status="PASS" start="2024-03-28T20:33:46.298558" elapsed="0.001000"/>
</kw>
<kw name="Set Global Variable" owner="BuiltIn">
<msg time="2024-03-28T20:33:46.300557" level="INFO">${email} = branden.harris@email.com</msg>
<arg>${email}</arg>
<arg>${body}[0][email]</arg>
<doc>Makes a variable available globally in all tests and suites.</doc>
<status status="PASS" start="2024-03-28T20:33:46.299558" elapsed="0.000999"/>
</kw>
<kw name="Set Global Variable" owner="BuiltIn">
<msg time="2024-03-28T20:33:46.301558" level="INFO">${id} = 4456</msg>
<arg>${id}</arg>
<arg>${body}[0][id]</arg>
<doc>Makes a variable available globally in all tests and suites.</doc>
<status status="PASS" start="2024-03-28T20:33:46.300557" elapsed="0.001001"/>
</kw>
<kw name="Set Global Variable" owner="BuiltIn">
<msg time="2024-03-28T20:33:46.302568" level="INFO">${city} = Marquardtport</msg>
<arg>${city}</arg>
<arg>${body}[0][address][city]</arg>
<doc>Makes a variable available globally in all tests and suites.</doc>
<status status="PASS" start="2024-03-28T20:33:46.301558" elapsed="0.001010"/>
</kw>
<kw name="Set Global Variable" owner="BuiltIn">
<msg time="2024-03-28T20:33:46.303558" level="INFO">${street_name} = Willard Row</msg>
<arg>${street_name}</arg>
<arg>${body}[0][address][street_name]</arg>
<doc>Makes a variable available globally in all tests and suites.</doc>
<status status="PASS" start="2024-03-28T20:33:46.302568" elapsed="0.000990"/>
</kw>
<kw name="Set Global Variable" owner="BuiltIn">
<msg time="2024-03-28T20:33:46.304568" level="INFO">${zip_code} = 90389-4309</msg>
<arg>${zip_code}</arg>
<arg>${body}[0][address][zip_code]</arg>
<doc>Makes a variable available globally in all tests and suites.</doc>
<status status="PASS" start="2024-03-28T20:33:46.303558" elapsed="0.001010"/>
</kw>
<kw name="Set Global Variable" owner="BuiltIn">
<msg time="2024-03-28T20:33:46.305558" level="INFO">${street_address} = 7570 Ian Hills</msg>
<arg>${street_address}</arg>
<arg>${body}[0][address][street_address]</arg>
<doc>Makes a variable available globally in all tests and suites.</doc>
<status status="PASS" start="2024-03-28T20:33:46.304568" elapsed="0.000990"/>
</kw>
<kw name="Sleep" owner="BuiltIn">
<msg time="2024-03-28T20:33:48.307128" level="INFO">Slept 2 seconds.</msg>
<arg>${DELAY_TIME}s</arg>
<doc>Pauses the test executed for the given time.</doc>
<status status="PASS" start="2024-03-28T20:33:46.305558" elapsed="2.001570"/>
</kw>
<kw name="GET" owner="RequestsLibrary">
<msg time="2024-03-28T20:33:49.123096" level="INFO">GET Request : url=https://random-data-api.com/api/device/random_device?size=1 
 path_url=/api/device/random_device?size=1 
 headers={'User-Agent': 'python-requests/2.31.0', 'Accept-Encoding': 'gzip, deflate', 'Accept': '*/*', 'Connection': 'keep-alive'} 
 body=None 
 </msg>
<msg time="2024-03-28T20:33:49.124097" level="INFO">GET Response : url=https://random-data-api.com/api/device/random_device?size=1 
 status=200, reason=OK 
 headers={'Alt-Svc': 'h3=":443"; ma=2592000', 'Cache-Control': 'max-age=0, private, must-revalidate', 'Content-Length': '221', 'Content-Type': 'application/json; charset=utf-8', 'Etag': 'W/"e43a77492180704c3e7d89bcb76a8294"', 'Referrer-Policy': 'strict-origin-when-cross-origin', 'Server': 'Caddy', 'Strict-Transport-Security': 'max-age=63072000; includeSubDomains', 'Vary': 'Origin', 'X-Content-Type-Options': 'nosniff', 'X-Frame-Options': 'SAMEORIGIN', 'X-Permitted-Cross-Domain-Policies': 'none', 'X-Request-Id': '1aa8cefb-b627-4eda-8f53-aa91c7826e99', 'X-Runtime': '0.007089', 'X-Xss-Protection': '0', 'Date': 'Thu, 28 Mar 2024 19:33:49 GMT'} 
 body=[{"id":3327,"uid":"44cc7921-d9d3-4a34-b0f6-117ba2d6ce27","build_number":182,"manufacturer":"OnePlus","model":"iPhone 6S / 6S Plus","platform":"Ubuntu Touch","serial_number":"_usDGH^%'4dSYvUtH39qu3*hbi3V+z","version":179}] 
 </msg>
<msg time="2024-03-28T20:33:49.126098" level="INFO">${response} = &lt;Response [200]&gt;</msg>
<var>${response}</var>
<arg>https://random-data-api.com/api/device/random_device</arg>
<arg>params=size=1</arg>
<doc>Sends a GET request.</doc>
<status status="PASS" start="2024-03-28T20:33:48.307128" elapsed="0.818970"/>
</kw>
<kw name="Set Variable" owner="BuiltIn">
<msg time="2024-03-28T20:33:49.127098" level="INFO">${body_device} = [{'id': 3327, 'uid': '44cc7921-d9d3-4a34-b0f6-117ba2d6ce27', 'build_number': 182, 'manufacturer': 'OnePlus', 'model': 'iPhone 6S / 6S Plus', 'platform': 'Ubuntu Touch', 'serial_number': "_usDGH^%'4dSY...</msg>
<var>${body_device}</var>
<arg>${response.json()}</arg>
<doc>Returns the given values which can then be assigned to a variables.</doc>
<status status="PASS" start="2024-03-28T20:33:49.126098" elapsed="0.002000"/>
</kw>
<kw name="Set Global Variable" owner="BuiltIn">
<msg time="2024-03-28T20:33:49.128098" level="INFO">${manufacturer} = OnePlus</msg>
<arg>${manufacturer}</arg>
<arg>${body_device}[0][manufacturer]</arg>
<doc>Makes a variable available globally in all tests and suites.</doc>
<status status="PASS" start="2024-03-28T20:33:49.128098" elapsed="0.000000"/>
</kw>
<kw name="Set Global Variable" owner="BuiltIn">
<msg time="2024-03-28T20:33:49.129099" level="INFO">${model} = iPhone 6S / 6S Plus</msg>
<arg>${model}</arg>
<arg>${body_device}[0][model]</arg>
<doc>Makes a variable available globally in all tests and suites.</doc>
<status status="PASS" start="2024-03-28T20:33:49.129099" elapsed="0.000000"/>
</kw>
<kw name="Set Global Variable" owner="BuiltIn">
<msg time="2024-03-28T20:33:49.130099" level="INFO">${platform} = Ubuntu Touch</msg>
<arg>${platform}</arg>
<arg>${body_device}[0][platform]</arg>
<doc>Makes a variable available globally in all tests and suites.</doc>
<status status="PASS" start="2024-03-28T20:33:49.129099" elapsed="0.001000"/>
</kw>
<kw name="Set Global Variable" owner="BuiltIn">
<msg time="2024-03-28T20:33:49.131100" level="INFO">${serial_number} = _usDGH^%'4dSYvUtH39qu3*hbi3V+z</msg>
<arg>${serial_number}</arg>
<arg>${body_device}[0][serial_number]</arg>
<doc>Makes a variable available globally in all tests and suites.</doc>
<status status="PASS" start="2024-03-28T20:33:49.130099" elapsed="0.001001"/>
</kw>
<kw name="Sleep" owner="BuiltIn">
<msg time="2024-03-28T20:33:51.131186" level="INFO">Slept 2 seconds.</msg>
<arg>${DELAY_TIME}s</arg>
<doc>Pauses the test executed for the given time.</doc>
<status status="PASS" start="2024-03-28T20:33:49.131100" elapsed="2.000086"/>
</kw>
<status status="PASS" start="2024-03-28T20:33:41.722542" elapsed="9.409153"/>
</kw>
<kw name="Click Element" owner="SeleniumLibrary">
<msg time="2024-03-28T20:33:51.132692" level="INFO">Clicking element '//a[contains(.,'Telephelyek')]'.</msg>
<arg>${TELEPHELYEK}</arg>
<doc>Click the element identified by ``locator``.</doc>
<status status="PASS" start="2024-03-28T20:33:51.131695" elapsed="0.056357"/>
</kw>
<kw name="Sleep" owner="BuiltIn">
<msg time="2024-03-28T20:33:55.189315" level="INFO">Slept 4 seconds.</msg>
<arg>4s</arg>
<doc>Pauses the test executed for the given time.</doc>
<status status="PASS" start="2024-03-28T20:33:51.189052" elapsed="4.000263"/>
</kw>
<kw name="Mouse Over" owner="SeleniumLibrary">
<msg time="2024-03-28T20:33:55.190839" level="INFO">Simulating Mouse Over on element '//span[.='Add']'.</msg>
<arg>${ADDBUTTONTWO}</arg>
<doc>Simulates hovering the mouse over the element ``locator``.</doc>
<status status="PASS" start="2024-03-28T20:33:55.190839" elapsed="0.287749"/>
</kw>
<kw name="Sleep" owner="BuiltIn">
<msg time="2024-03-28T20:33:57.480091" level="INFO">Slept 2 seconds.</msg>
<arg>2s</arg>
<doc>Pauses the test executed for the given time.</doc>
<status status="PASS" start="2024-03-28T20:33:55.478588" elapsed="2.001503"/>
</kw>
<kw name="Press Keys" owner="SeleniumLibrary">
<msg time="2024-03-28T20:33:57.481598" level="INFO">Sending key(s) ('\\',) to //span[.='Add'] element.</msg>
<msg time="2024-03-28T20:33:57.758559" level="INFO">Sending key \</msg>
<arg>${ADDBUTTONTWO}</arg>
<arg>\\</arg>
<doc>Simulates the user pressing key(s) to an element or on the active browser.</doc>
<status status="PASS" start="2024-03-28T20:33:57.480607" elapsed="0.284953"/>
</kw>
<kw name="Sleep" owner="BuiltIn">
<msg time="2024-03-28T20:33:58.767587" level="INFO">Slept 1 second.</msg>
<arg>1s</arg>
<doc>Pauses the test executed for the given time.</doc>
<status status="PASS" start="2024-03-28T20:33:57.766560" elapsed="1.001027"/>
</kw>
<kw name="Input Text" owner="SeleniumLibrary">
<msg time="2024-03-28T20:33:58.768588" level="INFO">Typing text 'Branden Harris' into text field '//input[@class='e-control e-combobox e-lib e-input']'.</msg>
<arg>${UGYFEL_FIELD}</arg>
<arg>${first_name} ${last_name}</arg>
<doc>Types the given ``text`` into the text field identified by ``locator``.</doc>
<status status="PASS" start="2024-03-28T20:33:58.768588" elapsed="0.092185"/>
</kw>
<kw name="Input Text" owner="SeleniumLibrary">
<msg time="2024-03-28T20:33:58.861773" level="INFO">Typing text 'Marquardtport' into text field '//input[@id='varos']'.</msg>
<arg>${CITY_FIELD}</arg>
<arg>${city}</arg>
<doc>Types the given ``text`` into the text field identified by ``locator``.</doc>
<status status="PASS" start="2024-03-28T20:33:58.861773" elapsed="0.102901"/>
</kw>
<kw name="Input Text" owner="SeleniumLibrary">
<msg time="2024-03-28T20:33:58.966674" level="INFO">Typing text '90389-4309' into text field '//input[@id='zip']'.</msg>
<arg>${ZIP_FIELD}</arg>
<arg>${zip_code}</arg>
<doc>Types the given ``text`` into the text field identified by ``locator``.</doc>
<status status="PASS" start="2024-03-28T20:33:58.965674" elapsed="0.091022"/>
</kw>
<kw name="Input Text" owner="SeleniumLibrary">
<msg time="2024-03-28T20:33:59.058697" level="INFO">Typing text 'Willard Row' into text field '//input[@id='utca']'.</msg>
<arg>${STREET_FIELD}</arg>
<arg>${street_name}</arg>
<doc>Types the given ``text`` into the text field identified by ``locator``.</doc>
<status status="PASS" start="2024-03-28T20:33:59.057695" elapsed="0.098194"/>
</kw>
<kw name="Input Text" owner="SeleniumLibrary">
<msg time="2024-03-28T20:33:59.157889" level="INFO">Typing text '7570 Ian Hills' into text field '//input[@id='szam']'.</msg>
<arg>${ADRESS_FIELD}</arg>
<arg>${street_address}</arg>
<doc>Types the given ``text`` into the text field identified by ``locator``.</doc>
<status status="PASS" start="2024-03-28T20:33:59.156890" elapsed="0.079595"/>
</kw>
<kw name="Click Button" owner="SeleniumLibrary">
<msg time="2024-03-28T20:33:59.238486" level="INFO">Clicking button '//button[@class='e-control e-btn e-lib e-control e-btn e-lib e-primary e-flat']'.</msg>
<arg>${SAVEBUTTON_TELEP}</arg>
<doc>Clicks the button identified by ``locator``.</doc>
<status status="PASS" start="2024-03-28T20:33:59.237486" elapsed="0.071550"/>
</kw>
<kw name="Test Teardown" owner="resources.resource" type="TEARDOWN">
<kw name="Close Browser" owner="SeleniumLibrary">
<doc>Closes the current browser.</doc>
<status status="PASS" start="2024-03-28T20:33:59.310035" elapsed="2.159029"/>
</kw>
<status status="PASS" start="2024-03-28T20:33:59.310035" elapsed="2.159029"/>
</kw>
<status status="PASS" start="2024-03-28T20:33:41.721542" elapsed="19.748522"/>
</test>
<test id="s1-s1-t3" name="Eszkozok" line="42">
<kw name="Test Setup" owner="resources.resource" type="SETUP">
<kw name="Open Browser" owner="SeleniumLibrary">
<msg time="2024-03-28T20:34:01.473829" level="INFO">Opening browser 'Chrome' to base url 'https://bwpool.azurewebsites.net/'.</msg>
<arg>${HOMEPAGE_URL}</arg>
<arg>${BROWSER}</arg>
<doc>Opens a new browser instance to the optional ``url``.</doc>
<status status="PASS" start="2024-03-28T20:34:01.472830" elapsed="3.900009"/>
</kw>
<kw name="Maximize Browser Window" owner="SeleniumLibrary">
<doc>Maximizes current browser window.</doc>
<status status="PASS" start="2024-03-28T20:34:05.372839" elapsed="0.121876"/>
</kw>
<kw name="Go To" owner="SeleniumLibrary">
<msg time="2024-03-28T20:34:05.495714" level="INFO">Opening url 'https://bwpool.azurewebsites.net/'</msg>
<arg>https://bwpool.azurewebsites.net/</arg>
<doc>Navigates the current browser window to the provided ``url``.</doc>
<status status="PASS" start="2024-03-28T20:34:05.494715" elapsed="0.356142"/>
</kw>
<kw name="GET" owner="RequestsLibrary">
<msg time="2024-03-28T20:34:06.709798" level="INFO">GET Request : url=https://random-data-api.com/api/users/random_user?size=1 
 path_url=/api/users/random_user?size=1 
 headers={'User-Agent': 'python-requests/2.31.0', 'Accept-Encoding': 'gzip, deflate', 'Accept': '*/*', 'Connection': 'keep-alive'} 
 body=None 
 </msg>
<msg time="2024-03-28T20:34:06.710809" level="INFO">GET Response : url=https://random-data-api.com/api/users/random_user?size=1 
 status=200, reason=OK 
 headers={'Alt-Svc': 'h3=":443"; ma=2592000', 'Cache-Control': 'max-age=0, private, must-revalidate', 'Content-Encoding': 'gzip', 'Content-Type': 'application/json; charset=utf-8', 'Etag': 'W/"7a7d91c1725083cb650800a1a7619c8e"', 'Referrer-Policy': 'strict-origin-when-cross-origin', 'Server': 'Caddy', 'Strict-Transport-Security': 'max-age=63072000; includeSubDomains', 'Vary': 'Origin, Accept-Encoding', 'X-Content-Type-Options': 'nosniff', 'X-Frame-Options': 'SAMEORIGIN', 'X-Permitted-Cross-Domain-Policies': 'none', 'X-Request-Id': '268ff316-9764-4529-8e4c-727b161e2400', 'X-Runtime': '0.012580', 'X-Xss-Protection': '0', 'Date': 'Thu, 28 Mar 2024 19:34:07 GMT', 'Content-Length': '576'} 
 body=[{"id":395,"uid":"f2c3e0f8-cb87-40f5-aa04-1675ab285533","password":"gMP9fBZOhi","first_name":"Collin","last_name":"McLaughlin","username":"collin.mclaughlin","email":"collin.mclaughlin@email.com","avatar":"https://robohash.org/minuseaautem.png?size=300x300\u0026set=set1","gender":"Non-binary","phone_number":"+268 401.905.6197 x27636","social_insurance_number":"519346597","date_of_birth":"1997-01-30","employment":{"title":"Consulting Consultant","key_skill":"Teamwork"},"address":{"city":"New Clark","street_name":"Stewart Junction","street_address":"56267 Volkman Ways","zip_code":"08497","state":"Nevada","country":"United States","coordinates":{"lat":-13.741383452381726,"lng":-24.127013910574192}},"credit_card":{"cc_number":"6771-8949-8486-6038"},"subscription":{"plan":"Bronze","status":"Pending","payment_method":"Bitcoins","term":"Monthly"}}] 
 </msg>
<msg time="2024-03-28T20:34:06.710809" level="INFO">${response} = &lt;Response [200]&gt;</msg>
<var>${response}</var>
<arg>https://random-data-api.com/api/users/random_user</arg>
<arg>params=size=1</arg>
<doc>Sends a GET request.</doc>
<status status="PASS" start="2024-03-28T20:34:05.850857" elapsed="0.859952"/>
</kw>
<kw name="Set Variable" owner="BuiltIn">
<msg time="2024-03-28T20:34:06.712799" level="INFO">${body} = [{'id': 395, 'uid': 'f2c3e0f8-cb87-40f5-aa04-1675ab285533', 'password': 'gMP9fBZOhi', 'first_name': 'Collin', 'last_name': 'McLaughlin', 'username': 'collin.mclaughlin', 'email': 'collin.mclaughlin@em...</msg>
<var>${body}</var>
<arg>${response.json()}</arg>
<doc>Returns the given values which can then be assigned to a variables.</doc>
<status status="PASS" start="2024-03-28T20:34:06.711799" elapsed="0.001000"/>
</kw>
<kw name="Set Global Variable" owner="BuiltIn">
<msg time="2024-03-28T20:34:06.713799" level="INFO">${first_name} = Collin</msg>
<arg>${first_name}</arg>
<arg>${body}[0][first_name]</arg>
<doc>Makes a variable available globally in all tests and suites.</doc>
<status status="PASS" start="2024-03-28T20:34:06.712799" elapsed="0.001000"/>
</kw>
<kw name="Set Global Variable" owner="BuiltIn">
<msg time="2024-03-28T20:34:06.714801" level="INFO">${last_name} = McLaughlin</msg>
<arg>${last_name}</arg>
<arg>${body}[0][last_name]</arg>
<doc>Makes a variable available globally in all tests and suites.</doc>
<status status="PASS" start="2024-03-28T20:34:06.713799" elapsed="0.001002"/>
</kw>
<kw name="Set Global Variable" owner="BuiltIn">
<msg time="2024-03-28T20:34:06.715801" level="INFO">${email} = collin.mclaughlin@email.com</msg>
<arg>${email}</arg>
<arg>${body}[0][email]</arg>
<doc>Makes a variable available globally in all tests and suites.</doc>
<status status="PASS" start="2024-03-28T20:34:06.715801" elapsed="0.000000"/>
</kw>
<kw name="Set Global Variable" owner="BuiltIn">
<msg time="2024-03-28T20:34:06.716801" level="INFO">${id} = 395</msg>
<arg>${id}</arg>
<arg>${body}[0][id]</arg>
<doc>Makes a variable available globally in all tests and suites.</doc>
<status status="PASS" start="2024-03-28T20:34:06.716801" elapsed="0.000000"/>
</kw>
<kw name="Set Global Variable" owner="BuiltIn">
<msg time="2024-03-28T20:34:06.717801" level="INFO">${city} = New Clark</msg>
<arg>${city}</arg>
<arg>${body}[0][address][city]</arg>
<doc>Makes a variable available globally in all tests and suites.</doc>
<status status="PASS" start="2024-03-28T20:34:06.716801" elapsed="0.001000"/>
</kw>
<kw name="Set Global Variable" owner="BuiltIn">
<msg time="2024-03-28T20:34:06.718802" level="INFO">${street_name} = Stewart Junction</msg>
<arg>${street_name}</arg>
<arg>${body}[0][address][street_name]</arg>
<doc>Makes a variable available globally in all tests and suites.</doc>
<status status="PASS" start="2024-03-28T20:34:06.717801" elapsed="0.001001"/>
</kw>
<kw name="Set Global Variable" owner="BuiltIn">
<msg time="2024-03-28T20:34:06.719802" level="INFO">${zip_code} = 08497</msg>
<arg>${zip_code}</arg>
<arg>${body}[0][address][zip_code]</arg>
<doc>Makes a variable available globally in all tests and suites.</doc>
<status status="PASS" start="2024-03-28T20:34:06.718802" elapsed="0.001000"/>
</kw>
<kw name="Set Global Variable" owner="BuiltIn">
<msg time="2024-03-28T20:34:06.719802" level="INFO">${street_address} = 56267 Volkman Ways</msg>
<arg>${street_address}</arg>
<arg>${body}[0][address][street_address]</arg>
<doc>Makes a variable available globally in all tests and suites.</doc>
<status status="PASS" start="2024-03-28T20:34:06.719802" elapsed="0.001000"/>
</kw>
<kw name="Sleep" owner="BuiltIn">
<msg time="2024-03-28T20:34:08.721683" level="INFO">Slept 2 seconds.</msg>
<arg>${DELAY_TIME}s</arg>
<doc>Pauses the test executed for the given time.</doc>
<status status="PASS" start="2024-03-28T20:34:06.720802" elapsed="2.000881"/>
</kw>
<kw name="GET" owner="RequestsLibrary">
<msg time="2024-03-28T20:34:09.527682" level="INFO">GET Request : url=https://random-data-api.com/api/device/random_device?size=1 
 path_url=/api/device/random_device?size=1 
 headers={'User-Agent': 'python-requests/2.31.0', 'Accept-Encoding': 'gzip, deflate', 'Accept': '*/*', 'Connection': 'keep-alive'} 
 body=None 
 </msg>
<msg time="2024-03-28T20:34:09.527682" level="INFO">GET Response : url=https://random-data-api.com/api/device/random_device?size=1 
 status=200, reason=OK 
 headers={'Alt-Svc': 'h3=":443"; ma=2592000', 'Cache-Control': 'max-age=0, private, must-revalidate', 'Content-Length': '189', 'Content-Type': 'application/json; charset=utf-8', 'Etag': 'W/"8a71f841009b2ddf6a9a2f968ef23e60"', 'Referrer-Policy': 'strict-origin-when-cross-origin', 'Server': 'Caddy', 'Strict-Transport-Security': 'max-age=63072000; includeSubDomains', 'Vary': 'Origin', 'X-Content-Type-Options': 'nosniff', 'X-Frame-Options': 'SAMEORIGIN', 'X-Permitted-Cross-Domain-Policies': 'none', 'X-Request-Id': '70b0e921-5379-41ce-855d-bc18bd54cc10', 'X-Runtime': '0.005871', 'X-Xss-Protection': '0', 'Date': 'Thu, 28 Mar 2024 19:34:10 GMT'} 
 body=[{"id":7624,"uid":"d7c82908-5e03-41f6-b610-fbd89415b26f","build_number":372,"manufacturer":"Samsung","model":"Mate 10 Pro","platform":"iOS","serial_number":"SJMZOmtU0csrv4R","version":739}] 
 </msg>
<msg time="2024-03-28T20:34:09.529684" level="INFO">${response} = &lt;Response [200]&gt;</msg>
<var>${response}</var>
<arg>https://random-data-api.com/api/device/random_device</arg>
<arg>params=size=1</arg>
<doc>Sends a GET request.</doc>
<status status="PASS" start="2024-03-28T20:34:08.721683" elapsed="0.809001"/>
</kw>
<kw name="Set Variable" owner="BuiltIn">
<msg time="2024-03-28T20:34:09.532684" level="INFO">${body_device} = [{'id': 7624, 'uid': 'd7c82908-5e03-41f6-b610-fbd89415b26f', 'build_number': 372, 'manufacturer': 'Samsung', 'model': 'Mate 10 Pro', 'platform': 'iOS', 'serial_number': 'SJMZOmtU0csrv4R', 'version': 7...</msg>
<var>${body_device}</var>
<arg>${response.json()}</arg>
<doc>Returns the given values which can then be assigned to a variables.</doc>
<status status="PASS" start="2024-03-28T20:34:09.530684" elapsed="0.002000"/>
</kw>
<kw name="Set Global Variable" owner="BuiltIn">
<msg time="2024-03-28T20:34:09.533684" level="INFO">${manufacturer} = Samsung</msg>
<arg>${manufacturer}</arg>
<arg>${body_device}[0][manufacturer]</arg>
<doc>Makes a variable available globally in all tests and suites.</doc>
<status status="PASS" start="2024-03-28T20:34:09.533684" elapsed="0.001000"/>
</kw>
<kw name="Set Global Variable" owner="BuiltIn">
<msg time="2024-03-28T20:34:09.535685" level="INFO">${model} = Mate 10 Pro</msg>
<arg>${model}</arg>
<arg>${body_device}[0][model]</arg>
<doc>Makes a variable available globally in all tests and suites.</doc>
<status status="PASS" start="2024-03-28T20:34:09.534684" elapsed="0.001001"/>
</kw>
<kw name="Set Global Variable" owner="BuiltIn">
<msg time="2024-03-28T20:34:09.535685" level="INFO">${platform} = iOS</msg>
<arg>${platform}</arg>
<arg>${body_device}[0][platform]</arg>
<doc>Makes a variable available globally in all tests and suites.</doc>
<status status="PASS" start="2024-03-28T20:34:09.535685" elapsed="0.001000"/>
</kw>
<kw name="Set Global Variable" owner="BuiltIn">
<msg time="2024-03-28T20:34:09.536685" level="INFO">${serial_number} = SJMZOmtU0csrv4R</msg>
<arg>${serial_number}</arg>
<arg>${body_device}[0][serial_number]</arg>
<doc>Makes a variable available globally in all tests and suites.</doc>
<status status="PASS" start="2024-03-28T20:34:09.536685" elapsed="0.000000"/>
</kw>
<kw name="Sleep" owner="BuiltIn">
<msg time="2024-03-28T20:34:11.538353" level="INFO">Slept 2 seconds.</msg>
<arg>${DELAY_TIME}s</arg>
<doc>Pauses the test executed for the given time.</doc>
<status status="PASS" start="2024-03-28T20:34:09.537686" elapsed="2.000667"/>
</kw>
<status status="PASS" start="2024-03-28T20:34:01.472830" elapsed="10.065523"/>
</kw>
<kw name="Click Element" owner="SeleniumLibrary">
<msg time="2024-03-28T20:34:11.539355" level="INFO">Clicking element '//a[contains(.,'Eszközök')]'.</msg>
<arg>${ESZKOZOK}</arg>
<doc>Click the element identified by ``locator``.</doc>
<status status="PASS" start="2024-03-28T20:34:11.539355" elapsed="0.061540"/>
</kw>
<kw name="Sleep" owner="BuiltIn">
<msg time="2024-03-28T20:34:15.602059" level="INFO">Slept 4 seconds.</msg>
<arg>4s</arg>
<doc>Pauses the test executed for the given time.</doc>
<status status="PASS" start="2024-03-28T20:34:11.600895" elapsed="4.001164"/>
</kw>
<kw name="Mouse Over" owner="SeleniumLibrary">
<msg time="2024-03-28T20:34:15.603061" level="INFO">Simulating Mouse Over on element '//span[.='Add']'.</msg>
<arg>${ADDBUTTONTREE}</arg>
<doc>Simulates hovering the mouse over the element ``locator``.</doc>
<status status="PASS" start="2024-03-28T20:34:15.603061" elapsed="0.281597"/>
</kw>
<kw name="Sleep" owner="BuiltIn">
<msg time="2024-03-28T20:34:19.886111" level="INFO">Slept 4 seconds.</msg>
<arg>4s</arg>
<doc>Pauses the test executed for the given time.</doc>
<status status="PASS" start="2024-03-28T20:34:15.885658" elapsed="4.001308"/>
</kw>
<kw name="Press Keys" owner="SeleniumLibrary">
<msg time="2024-03-28T20:34:19.887958" level="INFO">Sending key(s) ('\\',) to //span[.='Add'] element.</msg>
<msg time="2024-03-28T20:34:20.170559" level="INFO">Sending key \</msg>
<arg>${ADDBUTTONTREE}</arg>
<arg>\\</arg>
<doc>Simulates the user pressing key(s) to an element or on the active browser.</doc>
<status status="PASS" start="2024-03-28T20:34:19.886966" elapsed="0.291595"/>
</kw>
<kw name="Sleep" owner="BuiltIn">
<msg time="2024-03-28T20:34:24.180273" level="INFO">Slept 4 seconds.</msg>
<arg>4s</arg>
<doc>Pauses the test executed for the given time.</doc>
<status status="PASS" start="2024-03-28T20:34:20.179562" elapsed="4.001243"/>
</kw>
<kw name="Input Text" owner="SeleniumLibrary">
<msg time="2024-03-28T20:34:24.181801" level="INFO">Typing text 'Samsung Mate 10 Pro' into text field '//input[@id='name']'.</msg>
<arg>${MODEL_FIELD}</arg>
<arg>${manufacturer} ${model}</arg>
<doc>Types the given ``text`` into the text field identified by ``locator``.</doc>
<status status="PASS" start="2024-03-28T20:34:24.180805" elapsed="0.088044"/>
</kw>
<kw name="Sleep" owner="BuiltIn">
<msg time="2024-03-28T20:34:26.270828" level="INFO">Slept 2 seconds.</msg>
<arg>2s</arg>
<doc>Pauses the test executed for the given time.</doc>
<status status="PASS" start="2024-03-28T20:34:24.269848" elapsed="2.000980"/>
</kw>
<kw name="Mouse Over" owner="SeleniumLibrary">
<msg time="2024-03-28T20:34:26.271829" level="INFO">Simulating Mouse Over on element '//*[@id="Grid_dialogEdit_wrapper_dialog-content"]/div/form/table/tbody/tr[3]/td/span'.</msg>
<arg>${CUSTOMER_FIELD}</arg>
<doc>Simulates hovering the mouse over the element ``locator``.</doc>
<status status="PASS" start="2024-03-28T20:34:26.271829" elapsed="0.284722"/>
</kw>
<kw name="Sleep" owner="BuiltIn">
<msg time="2024-03-28T20:34:28.557736" level="INFO">Slept 2 seconds.</msg>
<arg>2s</arg>
<doc>Pauses the test executed for the given time.</doc>
<status status="PASS" start="2024-03-28T20:34:26.556551" elapsed="2.001185"/>
</kw>
<kw name="Press Keys" owner="SeleniumLibrary">
<msg time="2024-03-28T20:34:28.559737" level="INFO">Sending key(s) ('\\',) to //*[@id="Grid_dialogEdit_wrapper_dialog-content"]/div/form/table/tbody/tr[3]/td/span element.</msg>
<msg time="2024-03-28T20:34:28.852720" level="INFO">Sending key \</msg>
<arg>${CUSTOMER_FIELD}</arg>
<arg>\\</arg>
<doc>Simulates the user pressing key(s) to an element or on the active browser.</doc>
<status status="PASS" start="2024-03-28T20:34:28.558737" elapsed="0.303981"/>
</kw>
<kw name="Sleep" owner="BuiltIn">
<msg time="2024-03-28T20:34:29.863982" level="INFO">Slept 1 second.</msg>
<arg>1s</arg>
<doc>Pauses the test executed for the given time.</doc>
<status status="PASS" start="2024-03-28T20:34:28.863718" elapsed="1.000264"/>
</kw>
<kw name="Input Text" owner="SeleniumLibrary">
<msg time="2024-03-28T20:34:29.865984" level="INFO">Typing text 'Collin McLaughlin' into text field '//*[@id="Grid_dialogEdit_wrapper_dialog-content"]/div/form/table/tbody/tr[3]/td/span'.</msg>
<msg time="2024-03-28T20:34:30.037288" level="INFO" html="true">&lt;/td&gt;&lt;/tr&gt;&lt;tr&gt;&lt;td colspan="3"&gt;&lt;a href="selenium-screenshot-250.png"&gt;&lt;img src="selenium-screenshot-250.png" width="800px"&gt;&lt;/a&gt;</msg>
<msg time="2024-03-28T20:34:30.038289" level="FAIL">InvalidElementStateException: Message: invalid element state
  (Session info: chrome=123.0.6312.60)
Stacktrace:
	GetHandleVerifier [0x00007FF7CEAE70C2+63090]
	(No symbol) [0x00007FF7CEA52D12]
	(No symbol) [0x00007FF7CE8EEB1D]
	(No symbol) [0x00007FF7CE92C01B]
	(No symbol) [0x00007FF7CE956FDA]
	(No symbol) [0x00007FF7CE92A00A]
	(No symbol) [0x00007FF7CE9571F0]
	(No symbol) [0x00007FF7CE973412]
	(No symbol) [0x00007FF7CE956D83]
	(No symbol) [0x00007FF7CE9283A8]
	(No symbol) [0x00007FF7CE929441]
	GetHandleVerifier [0x00007FF7CEEE262D+4238301]
	GetHandleVerifier [0x00007FF7CEF1F78D+4488509]
	GetHandleVerifier [0x00007FF7CEF17A6F+4456479]
	GetHandleVerifier [0x00007FF7CEBC0606+953270]
	(No symbol) [0x00007FF7CEA5E5DF]
	(No symbol) [0x00007FF7CEA592B4]
	(No symbol) [0x00007FF7CEA593EB]
	(No symbol) [0x00007FF7CEA49C24]
	BaseThreadInitThunk [0x00007FF86D3E7344+20]
	RtlUserThreadStart [0x00007FF86DEC26B1+33]
</msg>
<arg>${CUSTOMER_FIELD}</arg>
<arg>${first_name} ${last_name}</arg>
<doc>Types the given ``text`` into the text field identified by ``locator``.</doc>
<status status="FAIL" start="2024-03-28T20:34:29.864982" elapsed="0.177310">InvalidElementStateException: Message: invalid element state
  (Session info: chrome=123.0.6312.60)
Stacktrace:
	GetHandleVerifier [0x00007FF7CEAE70C2+63090]
	(No symbol) [0x00007FF7CEA52D12]
	(No symbol) [0x00007FF7CE8EEB1D]
	(No symbol) [0x00007FF7CE92C01B]
	(No symbol) [0x00007FF7CE956FDA]
	(No symbol) [0x00007FF7CE92A00A]
	(No symbol) [0x00007FF7CE9571F0]
	(No symbol) [0x00007FF7CE973412]
	(No symbol) [0x00007FF7CE956D83]
	(No symbol) [0x00007FF7CE9283A8]
	(No symbol) [0x00007FF7CE929441]
	GetHandleVerifier [0x00007FF7CEEE262D+4238301]
	GetHandleVerifier [0x00007FF7CEF1F78D+4488509]
	GetHandleVerifier [0x00007FF7CEF17A6F+4456479]
	GetHandleVerifier [0x00007FF7CEBC0606+953270]
	(No symbol) [0x00007FF7CEA5E5DF]
	(No symbol) [0x00007FF7CEA592B4]
	(No symbol) [0x00007FF7CEA593EB]
	(No symbol) [0x00007FF7CEA49C24]
	BaseThreadInitThunk [0x00007FF86D3E7344+20]
	RtlUserThreadStart [0x00007FF86DEC26B1+33]
</status>
</kw>
<kw name="Sleep" owner="BuiltIn">
<arg>1s</arg>
<doc>Pauses the test executed for the given time.</doc>
<status status="NOT RUN" start="2024-03-28T20:34:30.043291" elapsed="0.000000"/>
</kw>
<kw name="Mouse Over" owner="SeleniumLibrary">
<arg>//div[@class='e-dlg-overlay']</arg>
<doc>Simulates hovering the mouse over the element ``locator``.</doc>
<status status="NOT RUN" start="2024-03-28T20:34:30.044290" elapsed="0.000000"/>
</kw>
<kw name="Press Keys" owner="SeleniumLibrary">
<arg>//div[@class='e-dlg-overlay']</arg>
<arg>\\</arg>
<doc>Simulates the user pressing key(s) to an element or on the active browser.</doc>
<status status="NOT RUN" start="2024-03-28T20:34:30.044290" elapsed="0.000000"/>
</kw>
<kw name="Input Text" owner="SeleniumLibrary">
<arg>${PLATFORM_FIELD}</arg>
<arg>${platform}</arg>
<doc>Types the given ``text`` into the text field identified by ``locator``.</doc>
<status status="NOT RUN" start="2024-03-28T20:34:30.045290" elapsed="0.000000"/>
</kw>
<kw name="Input Text" owner="SeleniumLibrary">
<arg>${SERIALNUMB_FIELD}</arg>
<arg>${serial_number}</arg>
<doc>Types the given ``text`` into the text field identified by ``locator``.</doc>
<status status="NOT RUN" start="2024-03-28T20:34:30.045290" elapsed="0.000000"/>
</kw>
<kw name="Click Button" owner="SeleniumLibrary">
<arg>${SAVEBUTTON_ESZKOZ}</arg>
<doc>Clicks the button identified by ``locator``.</doc>
<status status="NOT RUN" start="2024-03-28T20:34:30.046290" elapsed="0.000000"/>
</kw>
<kw name="Test Teardown" owner="resources.resource" type="TEARDOWN">
<kw name="Close Browser" owner="SeleniumLibrary">
<doc>Closes the current browser.</doc>
<status status="PASS" start="2024-03-28T20:34:30.047290" elapsed="2.157165"/>
</kw>
<status status="PASS" start="2024-03-28T20:34:30.046290" elapsed="2.158165"/>
</kw>
<status status="FAIL" start="2024-03-28T20:34:01.470833" elapsed="30.734624">InvalidElementStateException: Message: invalid element state
  (Session info: chrome=123.0.6312.60)
Stacktrace:
	GetHandleVerifier [0x00007FF7CEAE70C2+63090]
	(No symbol) [0x00007FF7CEA52D12]
	(No symbol) [0x00007FF7CE8EEB1D]
	(No symbol) [0x00007FF7CE92C01B]
	(No symbol) [0x00007FF7CE956FDA]
	(No symbol) [0x00007FF7CE92A00A]
	(No symbol) [0x00007FF7CE9571F0]
	(No symbol) [0x00007FF7CE973412]
	(No symbol) [0x00007FF7CE956D83]
	(No symbol) [0x00007FF7CE9283A8]
	(No symbol) [0x00007FF7CE929441]
	GetHandleVerifier [0x00007FF7CEEE262D+4238301]
	GetHandleVerifier [0x00007FF7CEF1F78D+4488509]
	GetHandleVerifier [0x00007FF7CEF17A6F+4456479]
	GetHandleVerifier [0x00007FF7CEBC0606+953270]
	(No symbol) [0x00007FF7CEA5E5DF]
	(No symbol) [0x00007FF7CEA592B4]
	(No symbol) [0x00007FF7CEA593EB]
	(No symbol) [0x00007FF7CEA49C24]
	BaseThreadInitThunk [0x00007FF86D3E7344+20]
	RtlUserThreadStart [0x00007FF86DEC26B1+33]
</status>
</test>
<test id="s1-s1-t4" name="Last Steps" line="67">
<kw name="Test Setup" owner="resources.resource" type="SETUP">
<kw name="Open Browser" owner="SeleniumLibrary">
<msg time="2024-03-28T20:34:32.211592" level="INFO">Opening browser 'Chrome' to base url 'https://bwpool.azurewebsites.net/'.</msg>
<arg>${HOMEPAGE_URL}</arg>
<arg>${BROWSER}</arg>
<doc>Opens a new browser instance to the optional ``url``.</doc>
<status status="PASS" start="2024-03-28T20:34:32.210598" elapsed="2.823540"/>
</kw>
<kw name="Maximize Browser Window" owner="SeleniumLibrary">
<doc>Maximizes current browser window.</doc>
<status status="PASS" start="2024-03-28T20:34:35.034138" elapsed="0.117444"/>
</kw>
<kw name="Go To" owner="SeleniumLibrary">
<msg time="2024-03-28T20:34:35.152584" level="INFO">Opening url 'https://bwpool.azurewebsites.net/'</msg>
<arg>https://bwpool.azurewebsites.net/</arg>
<doc>Navigates the current browser window to the provided ``url``.</doc>
<status status="PASS" start="2024-03-28T20:34:35.151582" elapsed="0.327966"/>
</kw>
<kw name="GET" owner="RequestsLibrary">
<msg time="2024-03-28T20:34:36.310827" level="INFO">GET Request : url=https://random-data-api.com/api/users/random_user?size=1 
 path_url=/api/users/random_user?size=1 
 headers={'User-Agent': 'python-requests/2.31.0', 'Accept-Encoding': 'gzip, deflate', 'Accept': '*/*', 'Connection': 'keep-alive'} 
 body=None 
 </msg>
<msg time="2024-03-28T20:34:36.310827" level="INFO">GET Response : url=https://random-data-api.com/api/users/random_user?size=1 
 status=200, reason=OK 
 headers={'Alt-Svc': 'h3=":443"; ma=2592000', 'Cache-Control': 'max-age=0, private, must-revalidate', 'Content-Encoding': 'gzip', 'Content-Type': 'application/json; charset=utf-8', 'Etag': 'W/"49a14ddc07adc665f737cf9f5e7ae79b"', 'Referrer-Policy': 'strict-origin-when-cross-origin', 'Server': 'Caddy', 'Strict-Transport-Security': 'max-age=63072000; includeSubDomains', 'Vary': 'Origin, Accept-Encoding', 'X-Content-Type-Options': 'nosniff', 'X-Frame-Options': 'SAMEORIGIN', 'X-Permitted-Cross-Domain-Policies': 'none', 'X-Request-Id': 'f6751d2f-c386-4cc7-a31e-0e08711bc250', 'X-Runtime': '0.011683', 'X-Xss-Protection': '0', 'Date': 'Thu, 28 Mar 2024 19:34:36 GMT', 'Content-Length': '575'} 
 body=[{"id":737,"uid":"67fc02d0-a828-4a49-9453-043475d452f0","password":"4yS7qerJg1","first_name":"Jason","last_name":"Mills","username":"jason.mills","email":"jason.mills@email.com","avatar":"https://robohash.org/etquasiconsequatur.png?size=300x300\u0026set=set1","gender":"Male","phone_number":"+264 644.745.4489 x82553","social_insurance_number":"953980554","date_of_birth":"1962-06-01","employment":{"title":"Future Education Agent","key_skill":"Proactive"},"address":{"city":"Lake Ettieton","street_name":"Kulas Parkways","street_address":"4008 Muller Vista","zip_code":"99620-9999","state":"Louisiana","country":"United States","coordinates":{"lat":24.429554301221074,"lng":49.729298917627204}},"credit_card":{"cc_number":"4845148592045"},"subscription":{"plan":"Gold","status":"Pending","payment_method":"Money transfer","term":"Full subscription"}}] 
 </msg>
<msg time="2024-03-28T20:34:36.310827" level="INFO">${response} = &lt;Response [200]&gt;</msg>
<var>${response}</var>
<arg>https://random-data-api.com/api/users/random_user</arg>
<arg>params=size=1</arg>
<doc>Sends a GET request.</doc>
<status status="PASS" start="2024-03-28T20:34:35.479548" elapsed="0.831279"/>
</kw>
<kw name="Set Variable" owner="BuiltIn">
<msg time="2024-03-28T20:34:36.314242" level="INFO">${body} = [{'id': 737, 'uid': '67fc02d0-a828-4a49-9453-043475d452f0', 'password': '4yS7qerJg1', 'first_name': 'Jason', 'last_name': 'Mills', 'username': 'jason.mills', 'email': 'jason.mills@email.com', 'avatar'...</msg>
<var>${body}</var>
<arg>${response.json()}</arg>
<doc>Returns the given values which can then be assigned to a variables.</doc>
<status status="PASS" start="2024-03-28T20:34:36.312249" elapsed="0.001993"/>
</kw>
<kw name="Set Global Variable" owner="BuiltIn">
<msg time="2024-03-28T20:34:36.315243" level="INFO">${first_name} = Jason</msg>
<arg>${first_name}</arg>
<arg>${body}[0][first_name]</arg>
<doc>Makes a variable available globally in all tests and suites.</doc>
<status status="PASS" start="2024-03-28T20:34:36.315243" elapsed="0.000000"/>
</kw>
<kw name="Set Global Variable" owner="BuiltIn">
<msg time="2024-03-28T20:34:36.316243" level="INFO">${last_name} = Mills</msg>
<arg>${last_name}</arg>
<arg>${body}[0][last_name]</arg>
<doc>Makes a variable available globally in all tests and suites.</doc>
<status status="PASS" start="2024-03-28T20:34:36.315243" elapsed="0.001000"/>
</kw>
<kw name="Set Global Variable" owner="BuiltIn">
<msg time="2024-03-28T20:34:36.317243" level="INFO">${email} = jason.mills@email.com</msg>
<arg>${email}</arg>
<arg>${body}[0][email]</arg>
<doc>Makes a variable available globally in all tests and suites.</doc>
<status status="PASS" start="2024-03-28T20:34:36.316243" elapsed="0.001000"/>
</kw>
<kw name="Set Global Variable" owner="BuiltIn">
<msg time="2024-03-28T20:34:36.318243" level="INFO">${id} = 737</msg>
<arg>${id}</arg>
<arg>${body}[0][id]</arg>
<doc>Makes a variable available globally in all tests and suites.</doc>
<status status="PASS" start="2024-03-28T20:34:36.317243" elapsed="0.001000"/>
</kw>
<kw name="Set Global Variable" owner="BuiltIn">
<msg time="2024-03-28T20:34:36.319244" level="INFO">${city} = Lake Ettieton</msg>
<arg>${city}</arg>
<arg>${body}[0][address][city]</arg>
<doc>Makes a variable available globally in all tests and suites.</doc>
<status status="PASS" start="2024-03-28T20:34:36.318243" elapsed="0.001001"/>
</kw>
<kw name="Set Global Variable" owner="BuiltIn">
<msg time="2024-03-28T20:34:36.320245" level="INFO">${street_name} = Kulas Parkways</msg>
<arg>${street_name}</arg>
<arg>${body}[0][address][street_name]</arg>
<doc>Makes a variable available globally in all tests and suites.</doc>
<status status="PASS" start="2024-03-28T20:34:36.319244" elapsed="0.001001"/>
</kw>
<kw name="Set Global Variable" owner="BuiltIn">
<msg time="2024-03-28T20:34:36.321244" level="INFO">${zip_code} = 99620-9999</msg>
<arg>${zip_code}</arg>
<arg>${body}[0][address][zip_code]</arg>
<doc>Makes a variable available globally in all tests and suites.</doc>
<status status="PASS" start="2024-03-28T20:34:36.320245" elapsed="0.000999"/>
</kw>
<kw name="Set Global Variable" owner="BuiltIn">
<msg time="2024-03-28T20:34:36.321244" level="INFO">${street_address} = 4008 Muller Vista</msg>
<arg>${street_address}</arg>
<arg>${body}[0][address][street_address]</arg>
<doc>Makes a variable available globally in all tests and suites.</doc>
<status status="PASS" start="2024-03-28T20:34:36.321244" elapsed="0.001080"/>
</kw>
<kw name="Sleep" owner="BuiltIn">
<msg time="2024-03-28T20:34:38.322495" level="INFO">Slept 2 seconds.</msg>
<arg>${DELAY_TIME}s</arg>
<doc>Pauses the test executed for the given time.</doc>
<status status="PASS" start="2024-03-28T20:34:36.322324" elapsed="2.000171"/>
</kw>
<kw name="GET" owner="RequestsLibrary">
<msg time="2024-03-28T20:34:39.185143" level="INFO">GET Request : url=https://random-data-api.com/api/device/random_device?size=1 
 path_url=/api/device/random_device?size=1 
 headers={'User-Agent': 'python-requests/2.31.0', 'Accept-Encoding': 'gzip, deflate', 'Accept': '*/*', 'Connection': 'keep-alive'} 
 body=None 
 </msg>
<msg time="2024-03-28T20:34:39.186144" level="INFO">GET Response : url=https://random-data-api.com/api/device/random_device?size=1 
 status=200, reason=OK 
 headers={'Alt-Svc': 'h3=":443"; ma=2592000', 'Cache-Control': 'max-age=0, private, must-revalidate', 'Content-Length': '205', 'Content-Type': 'application/json; charset=utf-8', 'Etag': 'W/"d0b42ae3f5def467235b5fb9ad97943d"', 'Referrer-Policy': 'strict-origin-when-cross-origin', 'Server': 'Caddy', 'Strict-Transport-Security': 'max-age=63072000; includeSubDomains', 'Vary': 'Origin', 'X-Content-Type-Options': 'nosniff', 'X-Frame-Options': 'SAMEORIGIN', 'X-Permitted-Cross-Domain-Policies': 'none', 'X-Request-Id': '8df74530-7983-4ca8-826f-416d76c3ee84', 'X-Runtime': '0.005358', 'X-Xss-Protection': '0', 'Date': 'Thu, 28 Mar 2024 19:34:39 GMT'} 
 body=[{"id":4116,"uid":"a2398c92-9f1d-4232-8040-be05ac6059a6","build_number":56,"manufacturer":"Apple","model":"Pixel XL","platform":"Firefox OS","serial_number":"39gPmcOKpwhDezLdiIOZ7SH89Pbjp4","version":140}] 
 </msg>
<msg time="2024-03-28T20:34:39.188143" level="INFO">${response} = &lt;Response [200]&gt;</msg>
<var>${response}</var>
<arg>https://random-data-api.com/api/device/random_device</arg>
<arg>params=size=1</arg>
<doc>Sends a GET request.</doc>
<status status="PASS" start="2024-03-28T20:34:38.322495" elapsed="0.865648"/>
</kw>
<kw name="Set Variable" owner="BuiltIn">
<msg time="2024-03-28T20:34:39.190144" level="INFO">${body_device} = [{'id': 4116, 'uid': 'a2398c92-9f1d-4232-8040-be05ac6059a6', 'build_number': 56, 'manufacturer': 'Apple', 'model': 'Pixel XL', 'platform': 'Firefox OS', 'serial_number': '39gPmcOKpwhDezLdiIOZ7SH89Pbjp...</msg>
<var>${body_device}</var>
<arg>${response.json()}</arg>
<doc>Returns the given values which can then be assigned to a variables.</doc>
<status status="PASS" start="2024-03-28T20:34:39.189143" elapsed="0.001001"/>
</kw>
<kw name="Set Global Variable" owner="BuiltIn">
<msg time="2024-03-28T20:34:39.191145" level="INFO">${manufacturer} = Apple</msg>
<arg>${manufacturer}</arg>
<arg>${body_device}[0][manufacturer]</arg>
<doc>Makes a variable available globally in all tests and suites.</doc>
<status status="PASS" start="2024-03-28T20:34:39.190144" elapsed="0.001001"/>
</kw>
<kw name="Set Global Variable" owner="BuiltIn">
<msg time="2024-03-28T20:34:39.192145" level="INFO">${model} = Pixel XL</msg>
<arg>${model}</arg>
<arg>${body_device}[0][model]</arg>
<doc>Makes a variable available globally in all tests and suites.</doc>
<status status="PASS" start="2024-03-28T20:34:39.191145" elapsed="0.001000"/>
</kw>
<kw name="Set Global Variable" owner="BuiltIn">
<msg time="2024-03-28T20:34:39.193145" level="INFO">${platform} = Firefox OS</msg>
<arg>${platform}</arg>
<arg>${body_device}[0][platform]</arg>
<doc>Makes a variable available globally in all tests and suites.</doc>
<status status="PASS" start="2024-03-28T20:34:39.192145" elapsed="0.001000"/>
</kw>
<kw name="Set Global Variable" owner="BuiltIn">
<msg time="2024-03-28T20:34:39.193145" level="INFO">${serial_number} = 39gPmcOKpwhDezLdiIOZ7SH89Pbjp4</msg>
<arg>${serial_number}</arg>
<arg>${body_device}[0][serial_number]</arg>
<doc>Makes a variable available globally in all tests and suites.</doc>
<status status="PASS" start="2024-03-28T20:34:39.193145" elapsed="0.001000"/>
</kw>
<kw name="Sleep" owner="BuiltIn">
<msg time="2024-03-28T20:34:41.194307" level="INFO">Slept 2 seconds.</msg>
<arg>${DELAY_TIME}s</arg>
<doc>Pauses the test executed for the given time.</doc>
<status status="PASS" start="2024-03-28T20:34:39.194145" elapsed="2.000162"/>
</kw>
<status status="PASS" start="2024-03-28T20:34:32.210598" elapsed="8.983709"/>
</kw>
<kw name="Click Element" owner="SeleniumLibrary">
<msg time="2024-03-28T20:34:41.196310" level="INFO">Clicking element '//a[contains(.,'Partnerek')]'.</msg>
<msg time="2024-03-28T20:34:41.212054" level="WARN">Keyword 'Capture Page Screenshot' could not be run on failure: Message: no such window: target window already closed
from unknown error: web view not found
  (Session info: chrome=123.0.6312.60)
Stacktrace:
	GetHandleVerifier [0x00007FF7CEAE70C2+63090]
	(No symbol) [0x00007FF7CEA52D12]
	(No symbol) [0x00007FF7CE8EEC65]
	(No symbol) [0x00007FF7CE8CCA7C]
	(No symbol) [0x00007FF7CE95D687]
	(No symbol) [0x00007FF7CE972AC1]
	(No symbol) [0x00007FF7CE956D83]
	(No symbol) [0x00007FF7CE9283A8]
	(No symbol) [0x00007FF7CE929441]
	GetHandleVerifier [0x00007FF7CEEE262D+4238301]
	GetHandleVerifier [0x00007FF7CEF1F78D+4488509]
	GetHandleVerifier [0x00007FF7CEF17A6F+4456479]
	GetHandleVerifier [0x00007FF7CEBC0606+953270]
	(No symbol) [0x00007FF7CEA5E5DF]
	(No symbol) [0x00007FF7CEA592B4]
	(No symbol) [0x00007FF7CEA593EB]
	(No symbol) [0x00007FF7CEA49C24]
	BaseThreadInitThunk [0x00007FF86D3E7344+20]
	RtlUserThreadStart [0x00007FF86DEC26B1+33]
</msg>
<msg time="2024-03-28T20:34:41.217059" level="FAIL">NoSuchWindowException: Message: no such window: target window already closed
from unknown error: web view not found
  (Session info: chrome=123.0.6312.60)
Stacktrace:
	GetHandleVerifier [0x00007FF7CEAE70C2+63090]
	(No symbol) [0x00007FF7CEA52D12]
	(No symbol) [0x00007FF7CE8EEC65]
	(No symbol) [0x00007FF7CE8CCA7C]
	(No symbol) [0x00007FF7CE95D687]
	(No symbol) [0x00007FF7CE972AC1]
	(No symbol) [0x00007FF7CE956D83]
	(No symbol) [0x00007FF7CE9283A8]
	(No symbol) [0x00007FF7CE929441]
	GetHandleVerifier [0x00007FF7CEEE262D+4238301]
	GetHandleVerifier [0x00007FF7CEF1F78D+4488509]
	GetHandleVerifier [0x00007FF7CEF17A6F+4456479]
	GetHandleVerifier [0x00007FF7CEBC0606+953270]
	(No symbol) [0x00007FF7CEA5E5DF]
	(No symbol) [0x00007FF7CEA592B4]
	(No symbol) [0x00007FF7CEA593EB]
	(No symbol) [0x00007FF7CEA49C24]
	BaseThreadInitThunk [0x00007FF86D3E7344+20]
	RtlUserThreadStart [0x00007FF86DEC26B1+33]
</msg>
<arg>${PARTNEREK}</arg>
<doc>Click the element identified by ``locator``.</doc>
<status status="FAIL" start="2024-03-28T20:34:41.195309" elapsed="0.024747">NoSuchWindowException: Message: no such window: target window already closed
from unknown error: web view not found
  (Session info: chrome=123.0.6312.60)
Stacktrace:
	GetHandleVerifier [0x00007FF7CEAE70C2+63090]
	(No symbol) [0x00007FF7CEA52D12]
	(No symbol) [0x00007FF7CE8EEC65]
	(No symbol) [0x00007FF7CE8CCA7C]
	(No symbol) [0x00007FF7CE95D687]
	(No symbol) [0x00007FF7CE972AC1]
	(No symbol) [0x00007FF7CE956D83]
	(No symbol) [0x00007FF7CE9283A8]
	(No symbol) [0x00007FF7CE929441]
	GetHandleVerifier [0x00007FF7CEEE262D+4238301]
	GetHandleVerifier [0x00007FF7CEF1F78D+4488509]
	GetHandleVerifier [0x00007FF7CEF17A6F+4456479]
	GetHandleVerifier [0x00007FF7CEBC0606+953270]
	(No symbol) [0x00007FF7CEA5E5DF]
	(No symbol) [0x00007FF7CEA592B4]
	(No symbol) [0x00007FF7CEA593EB]
	(No symbol) [0x00007FF7CEA49C24]
	BaseThreadInitThunk [0x00007FF86D3E7344+20]
	RtlUserThreadStart [0x00007FF86DEC26B1+33]
</status>
</kw>
<kw name="Wait Until Keyword Succeeds" owner="BuiltIn">
<arg>5s</arg>
<arg>1s</arg>
<arg>Click Element</arg>
<arg>${EXCEL_EXPORT}</arg>
<doc>Runs the specified keyword and retries if it fails.</doc>
<status status="NOT RUN" start="2024-03-28T20:34:41.221056" elapsed="0.000000"/>
</kw>
<kw name="Press Keys" owner="SeleniumLibrary">
<arg>None</arg>
<arg>ENTER</arg>
<doc>Simulates the user pressing key(s) to an element or on the active browser.</doc>
<status status="NOT RUN" start="2024-03-28T20:34:41.221056" elapsed="0.001000"/>
</kw>
<kw name="Click Element" owner="SeleniumLibrary">
<arg>${TELEPHELYEK}</arg>
<doc>Click the element identified by ``locator``.</doc>
<status status="NOT RUN" start="2024-03-28T20:34:41.222056" elapsed="0.000000"/>
</kw>
<kw name="Wait Until Keyword Succeeds" owner="BuiltIn">
<arg>5x</arg>
<arg>1s</arg>
<arg>Input Text</arg>
<arg>${SEARCH_FIELD}</arg>
<arg>${first_name} ${last_name}</arg>
<doc>Runs the specified keyword and retries if it fails.</doc>
<status status="NOT RUN" start="2024-03-28T20:34:41.222056" elapsed="0.000000"/>
</kw>
<kw name="Click Element" owner="SeleniumLibrary">
<arg>${SEARCH_ENTER}</arg>
<doc>Click the element identified by ``locator``.</doc>
<status status="NOT RUN" start="2024-03-28T20:34:41.223058" elapsed="0.000000"/>
</kw>
<kw name="Click Element" owner="SeleniumLibrary">
<arg>${STREET_URL}</arg>
<doc>Click the element identified by ``locator``.</doc>
<status status="NOT RUN" start="2024-03-28T20:34:41.224059" elapsed="0.000000"/>
</kw>
<kw name="Test Teardown" owner="resources.resource" type="TEARDOWN">
<kw name="Close Browser" owner="SeleniumLibrary">
<doc>Closes the current browser.</doc>
<status status="PASS" start="2024-03-28T20:34:41.225057" elapsed="2.068068"/>
</kw>
<status status="PASS" start="2024-03-28T20:34:41.225057" elapsed="2.068068"/>
</kw>
<status status="FAIL" start="2024-03-28T20:34:32.209459" elapsed="11.084667">NoSuchWindowException: Message: no such window: target window already closed
from unknown error: web view not found
  (Session info: chrome=123.0.6312.60)
Stacktrace:
	GetHandleVerifier [0x00007FF7CEAE70C2+63090]
	(No symbol) [0x00007FF7CEA52D12]
	(No symbol) [0x00007FF7CE8EEC65]
	(No symbol) [0x00007FF7CE8CCA7C]
	(No symbol) [0x00007FF7CE95D687]
	(No symbol) [0x00007FF7CE972AC1]
	(No symbol) [0x00007FF7CE956D83]
	(No symbol) [0x00007FF7CE9283A8]
	(No symbol) [0x00007FF7CE929441]
	GetHandleVerifier [0x00007FF7CEEE262D+4238301]
	GetHandleVerifier [0x00007FF7CEF1F78D+4488509]
	GetHandleVerifier [0x00007FF7CEF17A6F+4456479]
	GetHandleVerifier [0x00007FF7CEBC0606+953270]
	(No symbol) [0x00007FF7CEA5E5DF]
	(No symbol) [0x00007FF7CEA592B4]
	(No symbol) [0x00007FF7CEA593EB]
	(No symbol) [0x00007FF7CEA49C24]
	BaseThreadInitThunk [0x00007FF86D3E7344+20]
	RtlUserThreadStart [0x00007FF86DEC26B1+33]
</status>
</test>
<status status="FAIL" start="2024-03-28T20:33:21.818887" elapsed="81.478239"/>
</suite>
<status status="FAIL" start="2024-03-28T20:33:21.788707" elapsed="81.510420"/>
</suite>
<statistics>
<total>
<stat pass="2" fail="2" skip="0">All Tests</stat>
</total>
<tag>
</tag>
<suite>
<stat pass="2" fail="2" skip="0" id="s1" name="Feladat">Feladat</stat>
<stat pass="2" fail="2" skip="0" id="s1-s1" name="Test">Feladat.Test</stat>
</suite>
</statistics>
<errors>
<msg time="2024-03-28T20:34:41.212054" level="WARN">Keyword 'Capture Page Screenshot' could not be run on failure: Message: no such window: target window already closed
from unknown error: web view not found
  (Session info: chrome=123.0.6312.60)
Stacktrace:
	GetHandleVerifier [0x00007FF7CEAE70C2+63090]
	(No symbol) [0x00007FF7CEA52D12]
	(No symbol) [0x00007FF7CE8EEC65]
	(No symbol) [0x00007FF7CE8CCA7C]
	(No symbol) [0x00007FF7CE95D687]
	(No symbol) [0x00007FF7CE972AC1]
	(No symbol) [0x00007FF7CE956D83]
	(No symbol) [0x00007FF7CE9283A8]
	(No symbol) [0x00007FF7CE929441]
	GetHandleVerifier [0x00007FF7CEEE262D+4238301]
	GetHandleVerifier [0x00007FF7CEF1F78D+4488509]
	GetHandleVerifier [0x00007FF7CEF17A6F+4456479]
	GetHandleVerifier [0x00007FF7CEBC0606+953270]
	(No symbol) [0x00007FF7CEA5E5DF]
	(No symbol) [0x00007FF7CEA592B4]
	(No symbol) [0x00007FF7CEA593EB]
	(No symbol) [0x00007FF7CEA49C24]
	BaseThreadInitThunk [0x00007FF86D3E7344+20]
	RtlUserThreadStart [0x00007FF86DEC26B1+33]
</msg>
</errors>
</robot>
